# JRE version: OpenJDK Runtime Environment GraalVM CE 22.3.0 (17.0.5+8) (build 17.0.5+8-jvmci-22.3-b08)
# Java VM: OpenJDK 64-Bit Server VM GraalVM CE 22.3.0 (17.0.5+8-jvmci-22.3-b08, mixed mode, sharing, tiered, jvmci, jvmci compiler, compressed oops, compressed class ptrs, parallel gc, linux-amd64)
GC Precious Log:
 CPUs: 8 total, 1 available
 Memory: 1024M
 Large Page Support: Disabled
 NUMA Support: Disabled
 Compressed Oops: Enabled (32-bit)
 Alignments: Space 512K, Generation 512K, Heap 2M
 Heap Min Capacity: 100M
 Heap Initial Capacity: 100M
 Heap Max Capacity: 512M
 Pre-touch: Disabled
 Parallel Workers: 1
Heap:
 PSYoungGen      total 49152K, used 34304K [0x00000000f5580000, 0x00000000f9780000, 0x0000000100000000)
  eden space 34304K, 100% used [0x00000000f5580000,0x00000000f7700000,0x00000000f7700000)
  from space 14848K, 0% used [0x00000000f8680000,0x00000000f8680000,0x00000000f9500000)
  to   space 15872K, 0% used [0x00000000f7700000,0x00000000f7700000,0x00000000f8680000)
 ParOldGen       total 349696K, used 349695K [0x00000000e0000000, 0x00000000f5580000, 0x00000000f5580000)
  object space 349696K, 99% used [0x00000000e0000000,0x00000000f557fff0,0x00000000f5580000)
 Metaspace       used 55997K, committed 56832K, reserved 1105920K
  class space    used 5518K, committed 5888K, reserved 1048576K
GC Heap History (20 events):
Event: 851.589 GC heap before
{Heap before GC invocations=668 (full 527):
 PSYoungGen      total 49152K, used 34303K [0x00000000f5580000, 0x00000000f9780000, 0x0000000100000000)
  eden space 34304K, 99% used [0x00000000f5580000,0x00000000f76ffff8,0x00000000f7700000)
  from space 14848K, 0% used [0x00000000f8680000,0x00000000f8680000,0x00000000f9500000)
  to   space 15872K, 0% used [0x00000000f7700000,0x00000000f7700000,0x00000000f8680000)
 ParOldGen       total 349696K, used 349696K [0x00000000e0000000, 0x00000000f5580000, 0x00000000f5580000)
  object space 349696K, 100% used [0x00000000e0000000,0x00000000f5580000,0x00000000f5580000)
 Metaspace       used 55996K, committed 56832K, reserved 1105920K
  class space    used 5518K, committed 5888K, reserved 1048576K
}
Event: 853.092 GC heap after
{Heap after GC invocations=668 (full 527):
 PSYoungGen      total 50176K, used 34303K [0x00000000f5580000, 0x00000000f9780000, 0x0000000100000000)
  eden space 34304K, 99% used [0x00000000f5580000,0x00000000f76fff38,0x00000000f7700000)
  from space 15872K, 0% used [0x00000000f7700000,0x00000000f7700000,0x00000000f8680000)
  to   space 14848K, 0% used [0x00000000f8680000,0x00000000f8680000,0x00000000f9500000)
 ParOldGen       total 349696K, used 349695K [0x00000000e0000000, 0x00000000f5580000, 0x00000000f5580000)
  object space 349696K, 99% used [0x00000000e0000000,0x00000000f557fe80,0x00000000f5580000)
 Metaspace       used 55996K, committed 56832K, reserved 1105920K
  class space    used 5518K, committed 5888K, reserved 1048576K
}
Event: 853.092 GC heap before
{Heap before GC invocations=669 (full 528):
 PSYoungGen      total 50176K, used 34303K [0x00000000f5580000, 0x00000000f9780000, 0x0000000100000000)
  eden space 34304K, 99% used [0x00000000f5580000,0x00000000f76ffff8,0x00000000f7700000)
  from space 15872K, 0% used [0x00000000f7700000,0x00000000f7700000,0x00000000f8680000)
  to   space 14848K, 0% used [0x00000000f8680000,0x00000000f8680000,0x00000000f9500000)
 ParOldGen       total 349696K, used 349695K [0x00000000e0000000, 0x00000000f5580000, 0x00000000f5580000)
  object space 349696K, 99% used [0x00000000e0000000,0x00000000f557fe80,0x00000000f5580000)
 Metaspace       used 55996K, committed 56832K, reserved 1105920K
  class space    used 5518K, committed 5888K, reserved 1048576K
}
Event: 854.541 GC heap after
{Heap after GC invocations=669 (full 528):
 PSYoungGen      total 49152K, used 34303K [0x00000000f5580000, 0x00000000f9780000, 0x0000000100000000)
  eden space 34304K, 99% used [0x00000000f5580000,0x00000000f76fff38,0x00000000f7700000)
  from space 14848K, 0% used [0x00000000f8680000,0x00000000f8680000,0x00000000f9500000)
  to   space 15872K, 0% used [0x00000000f7700000,0x00000000f7700000,0x00000000f8680000)
 ParOldGen       total 349696K, used 349695K [0x00000000e0000000, 0x00000000f5580000, 0x00000000f5580000)
  object space 349696K, 99% used [0x00000000e0000000,0x00000000f557fe70,0x00000000f5580000)
 Metaspace       used 55996K, committed 56832K, reserved 1105920K
  class space    used 5518K, committed 5888K, reserved 1048576K
}
Event: 854.547 GC heap before
{Heap before GC invocations=670 (full 529):
 PSYoungGen      total 49152K, used 34304K [0x00000000f5580000, 0x00000000f9780000, 0x0000000100000000)
  eden space 34304K, 100% used [0x00000000f5580000,0x00000000f7700000,0x00000000f7700000)
  from space 14848K, 0% used [0x00000000f8680000,0x00000000f8680000,0x00000000f9500000)
  to   space 15872K, 0% used [0x00000000f7700000,0x00000000f7700000,0x00000000f8680000)
 ParOldGen       total 349696K, used 349695K [0x00000000e0000000, 0x00000000f5580000, 0x00000000f5580000)
  object space 349696K, 99% used [0x00000000e0000000,0x00000000f557fe70,0x00000000f5580000)
 Metaspace       used 55996K, committed 56832K, reserved 1105920K
  class space    used 5518K, committed 5888K, reserved 1048576K
}
Event: 856.128 GC heap after
{Heap after GC invocations=670 (full 529):
 PSYoungGen      total 50176K, used 34303K [0x00000000f5580000, 0x00000000f9780000, 0x0000000100000000)
  eden space 34304K, 99% used [0x00000000f5580000,0x00000000f76fff60,0x00000000f7700000)
  from space 15872K, 0% used [0x00000000f7700000,0x00000000f7700000,0x00000000f8680000)
  to   space 14848K, 0% used [0x00000000f8680000,0x00000000f8680000,0x00000000f9500000)
 ParOldGen       total 349696K, used 349695K [0x00000000e0000000, 0x00000000f5580000, 0x00000000f5580000)
  object space 349696K, 99% used [0x00000000e0000000,0x00000000f557fe18,0x00000000f5580000)
 Metaspace       used 55996K, committed 56832K, reserved 1105920K
  class space    used 5518K, committed 5888K, reserved 1048576K
}
Event: 856.133 GC heap before
{Heap before GC invocations=671 (full 530):
 PSYoungGen      total 50176K, used 34304K [0x00000000f5580000, 0x00000000f9780000, 0x0000000100000000)
  eden space 34304K, 100% used [0x00000000f5580000,0x00000000f7700000,0x00000000f7700000)
  from space 15872K, 0% used [0x00000000f7700000,0x00000000f7700000,0x00000000f8680000)
  to   space 14848K, 0% used [0x00000000f8680000,0x00000000f8680000,0x00000000f9500000)
 ParOldGen       total 349696K, used 349695K [0x00000000e0000000, 0x00000000f5580000, 0x00000000f5580000)
  object space 349696K, 99% used [0x00000000e0000000,0x00000000f557fe18,0x00000000f5580000)
 Metaspace       used 55996K, committed 56832K, reserved 1105920K
  class space    used 5518K, committed 5888K, reserved 1048576K
}
Event: 857.895 GC heap after
{Heap after GC invocations=671 (full 530):
 PSYoungGen      total 49152K, used 34304K [0x00000000f5580000, 0x00000000f9780000, 0x0000000100000000)
  eden space 34304K, 100% used [0x00000000f5580000,0x00000000f7700000,0x00000000f7700000)
  from space 14848K, 0% used [0x00000000f8680000,0x00000000f8680000,0x00000000f9500000)
  to   space 15872K, 0% used [0x00000000f7700000,0x00000000f7700000,0x00000000f8680000)
 ParOldGen       total 349696K, used 349695K [0x00000000e0000000, 0x00000000f5580000, 0x00000000f5580000)
  object space 349696K, 99% used [0x00000000e0000000,0x00000000f557fdf8,0x00000000f5580000)
 Metaspace       used 55996K, committed 56832K, reserved 1105920K
  class space    used 5518K, committed 5888K, reserved 1048576K
}
Event: 857.895 GC heap before
{Heap before GC invocations=672 (full 531):
 PSYoungGen      total 49152K, used 34304K [0x00000000f5580000, 0x00000000f9780000, 0x0000000100000000)
  eden space 34304K, 100% used [0x00000000f5580000,0x00000000f7700000,0x00000000f7700000)
  from space 14848K, 0% used [0x00000000f8680000,0x00000000f8680000,0x00000000f9500000)
  to   space 15872K, 0% used [0x00000000f7700000,0x00000000f7700000,0x00000000f8680000)
 ParOldGen       total 349696K, used 349695K [0x00000000e0000000, 0x00000000f5580000, 0x00000000f5580000)
  object space 349696K, 99% used [0x00000000e0000000,0x00000000f557ffe8,0x00000000f5580000)
 Metaspace       used 55996K, committed 56832K, reserved 1105920K
  class space    used 5518K, committed 5888K, reserved 1048576K
}
Event: 859.522 GC heap after
{Heap after GC invocations=672 (full 531):
 PSYoungGen      total 50176K, used 34303K [0x00000000f5580000, 0x00000000f9780000, 0x0000000100000000)
  eden space 34304K, 99% used [0x00000000f5580000,0x00000000f76fffd8,0x00000000f7700000)
  from space 15872K, 0% used [0x00000000f7700000,0x00000000f7700000,0x00000000f8680000)
  to   space 14848K, 0% used [0x00000000f8680000,0x00000000f8680000,0x00000000f9500000)
 ParOldGen       total 349696K, used 349695K [0x00000000e0000000, 0x00000000f5580000, 0x00000000f5580000)
  object space 349696K, 99% used [0x00000000e0000000,0x00000000f557ff78,0x00000000f5580000)
 Metaspace       used 55996K, committed 56832K, reserved 1105920K
  class space    used 5518K, committed 5888K, reserved 1048576K
}
Event: 859.522 GC heap before
{Heap before GC invocations=673 (full 532):
 PSYoungGen      total 50176K, used 34303K [0x00000000f5580000, 0x00000000f9780000, 0x0000000100000000)
  eden space 34304K, 99% used [0x00000000f5580000,0x00000000f76ffff8,0x00000000f7700000)
  from space 15872K, 0% used [0x00000000f7700000,0x00000000f7700000,0x00000000f8680000)
  to   space 14848K, 0% used [0x00000000f8680000,0x00000000f8680000,0x00000000f9500000)
 ParOldGen       total 349696K, used 349695K [0x00000000e0000000, 0x00000000f5580000, 0x00000000f5580000)
  object space 349696K, 99% used [0x00000000e0000000,0x00000000f557ff78,0x00000000f5580000)
 Metaspace       used 55996K, committed 56832K, reserved 1105920K
  class space    used 5518K, committed 5888K, reserved 1048576K
}
Event: 861.645 GC heap after
{Heap after GC invocations=673 (full 532):
 PSYoungGen      total 49152K, used 34303K [0x00000000f5580000, 0x00000000f9780000, 0x0000000100000000)
  eden space 34304K, 99% used [0x00000000f5580000,0x00000000f76ffff8,0x00000000f7700000)
  from space 14848K, 0% used [0x00000000f8680000,0x00000000f8680000,0x00000000f9500000)
  to   space 15872K, 0% used [0x00000000f7700000,0x00000000f7700000,0x00000000f8680000)
 ParOldGen       total 349696K, used 349695K [0x00000000e0000000, 0x00000000f5580000, 0x00000000f5580000)
  object space 349696K, 99% used [0x00000000e0000000,0x00000000f557ff78,0x00000000f5580000)
 Metaspace       used 55996K, committed 56832K, reserved 1105920K
  class space    used 5518K, committed 5888K, reserved 1048576K
}
Event: 861.645 GC heap before
{Heap before GC invocations=674 (full 533):
 PSYoungGen      total 49152K, used 34303K [0x00000000f5580000, 0x00000000f9780000, 0x0000000100000000)
  eden space 34304K, 99% used [0x00000000f5580000,0x00000000f76ffff8,0x00000000f7700000)
  from space 14848K, 0% used [0x00000000f8680000,0x00000000f8680000,0x00000000f9500000)
  to   space 15872K, 0% used [0x00000000f7700000,0x00000000f7700000,0x00000000f8680000)
 ParOldGen       total 349696K, used 349695K [0x00000000e0000000, 0x00000000f5580000, 0x00000000f5580000)
  object space 349696K, 99% used [0x00000000e0000000,0x00000000f557ffc8,0x00000000f5580000)
 Metaspace       used 55996K, committed 56832K, reserved 1105920K
  class space    used 5518K, committed 5888K, reserved 1048576K
}
Event: 864.612 GC heap after
{Heap after GC invocations=674 (full 533):
 PSYoungGen      total 50176K, used 34303K [0x00000000f5580000, 0x00000000f9780000, 0x0000000100000000)
  eden space 34304K, 99% used [0x00000000f5580000,0x00000000f76ffff8,0x00000000f7700000)
  from space 15872K, 0% used [0x00000000f7700000,0x00000000f7700000,0x00000000f8680000)
  to   space 14848K, 0% used [0x00000000f8680000,0x00000000f8680000,0x00000000f9500000)
 ParOldGen       total 349696K, used 349695K [0x00000000e0000000, 0x00000000f5580000, 0x00000000f5580000)
  object space 349696K, 99% used [0x00000000e0000000,0x00000000f557ff20,0x00000000f5580000)
 Metaspace       used 55996K, committed 56832K, reserved 1105920K
  class space    used 5518K, committed 5888K, reserved 1048576K
}
Event: 864.612 GC heap before
{Heap before GC invocations=675 (full 534):
 PSYoungGen      total 50176K, used 34303K [0x00000000f5580000, 0x00000000f9780000, 0x0000000100000000)
  eden space 34304K, 99% used [0x00000000f5580000,0x00000000f76ffff8,0x00000000f7700000)
  from space 15872K, 0% used [0x00000000f7700000,0x00000000f7700000,0x00000000f8680000)
  to   space 14848K, 0% used [0x00000000f8680000,0x00000000f8680000,0x00000000f9500000)
 ParOldGen       total 349696K, used 349695K [0x00000000e0000000, 0x00000000f5580000, 0x00000000f5580000)
  object space 349696K, 99% used [0x00000000e0000000,0x00000000f557ff20,0x00000000f5580000)
 Metaspace       used 55996K, committed 56832K, reserved 1105920K
  class space    used 5518K, committed 5888K, reserved 1048576K
}
Event: 867.601 GC heap after
{Heap after GC invocations=675 (full 534):
 PSYoungGen      total 49152K, used 34303K [0x00000000f5580000, 0x00000000f9780000, 0x0000000100000000)
  eden space 34304K, 99% used [0x00000000f5580000,0x00000000f76fffa8,0x00000000f7700000)
  from space 14848K, 0% used [0x00000000f8680000,0x00000000f8680000,0x00000000f9500000)
  to   space 15872K, 0% used [0x00000000f7700000,0x00000000f7700000,0x00000000f8680000)
 ParOldGen       total 349696K, used 349695K [0x00000000e0000000, 0x00000000f5580000, 0x00000000f5580000)
  object space 349696K, 99% used [0x00000000e0000000,0x00000000f557fdb0,0x00000000f5580000)
 Metaspace       used 55996K, committed 56832K, reserved 1105920K
  class space    used 5518K, committed 5888K, reserved 1048576K
}
Event: 867.608 GC heap before
{Heap before GC invocations=676 (full 535):
 PSYoungGen      total 49152K, used 34303K [0x00000000f5580000, 0x00000000f9780000, 0x0000000100000000)
  eden space 34304K, 99% used [0x00000000f5580000,0x00000000f76ffff0,0x00000000f7700000)
  from space 14848K, 0% used [0x00000000f8680000,0x00000000f8680000,0x00000000f9500000)
  to   space 15872K, 0% used [0x00000000f7700000,0x00000000f7700000,0x00000000f8680000)
 ParOldGen       total 349696K, used 349695K [0x00000000e0000000, 0x00000000f5580000, 0x00000000f5580000)
  object space 349696K, 99% used [0x00000000e0000000,0x00000000f557fdb0,0x00000000f5580000)
 Metaspace       used 55997K, committed 56832K, reserved 1105920K
  class space    used 5518K, committed 5888K, reserved 1048576K
}
Event: 871.029 GC heap after
{Heap after GC invocations=676 (full 535):
 PSYoungGen      total 50176K, used 34303K [0x00000000f5580000, 0x00000000f9780000, 0x0000000100000000)
  eden space 34304K, 99% used [0x00000000f5580000,0x00000000f76fffb0,0x00000000f7700000)
  from space 15872K, 0% used [0x00000000f7700000,0x00000000f7700000,0x00000000f8680000)
  to   space 14848K, 0% used [0x00000000f8680000,0x00000000f8680000,0x00000000f9500000)
 ParOldGen       total 349696K, used 349695K [0x00000000e0000000, 0x00000000f5580000, 0x00000000f5580000)
  object space 349696K, 99% used [0x00000000e0000000,0x00000000f557fdb0,0x00000000f5580000)
 Metaspace       used 55997K, committed 56832K, reserved 1105920K
  class space    used 5518K, committed 5888K, reserved 1048576K
}
Event: 871.029 GC heap before
{Heap before GC invocations=677 (full 536):
 PSYoungGen      total 50176K, used 34303K [0x00000000f5580000, 0x00000000f9780000, 0x0000000100000000)
  eden space 34304K, 99% used [0x00000000f5580000,0x00000000f76fffb0,0x00000000f7700000)
  from space 15872K, 0% used [0x00000000f7700000,0x00000000f7700000,0x00000000f8680000)
  to   space 14848K, 0% used [0x00000000f8680000,0x00000000f8680000,0x00000000f9500000)
 ParOldGen       total 349696K, used 349695K [0x00000000e0000000, 0x00000000f5580000, 0x00000000f5580000)
  object space 349696K, 99% used [0x00000000e0000000,0x00000000f557fdb0,0x00000000f5580000)
 Metaspace       used 55997K, committed 56832K, reserved 1105920K
  class space    used 5518K, committed 5888K, reserved 1048576K
}
Event: 874.278 GC heap after
{Heap after GC invocations=677 (full 536):
 PSYoungGen      total 49152K, used 34303K [0x00000000f5580000, 0x00000000f9780000, 0x0000000100000000)
  eden space 34304K, 99% used [0x00000000f5580000,0x00000000f76fffb0,0x00000000f7700000)
  from space 14848K, 0% used [0x00000000f8680000,0x00000000f8680000,0x00000000f9500000)
  to   space 15872K, 0% used [0x00000000f7700000,0x00000000f7700000,0x00000000f8680000)
 ParOldGen       total 349696K, used 349695K [0x00000000e0000000, 0x00000000f5580000, 0x00000000f5580000)
  object space 349696K, 99% used [0x00000000e0000000,0x00000000f557fdb0,0x00000000f5580000)
 Metaspace       used 55997K, committed 56832K, reserved 1105920K
  class space    used 5518K, committed 5888K, reserved 1048576K
}

