# JRE version: OpenJDK Runtime Environment GraalVM CE 22.3.0 (17.0.5+8) (build 17.0.5+8-jvmci-22.3-b08)
# Java VM: OpenJDK 64-Bit Server VM GraalVM CE 22.3.0 (17.0.5+8-jvmci-22.3-b08, mixed mode, sharing, tiered, jvmci, jvmci compiler, compressed oops, compressed class ptrs, parallel gc, linux-amd64)
GC Precious Log:
 CPUs: 8 total, 1 available
 Memory: 1024M
 Large Page Support: Disabled
 NUMA Support: Disabled
 Compressed Oops: Enabled (32-bit)
 Alignments: Space 512K, Generation 512K, Heap 2M
 Heap Min Capacity: 100M
 Heap Initial Capacity: 100M
 Heap Max Capacity: 512M
 Pre-touch: Disabled
 Parallel Workers: 1
Heap:
 PSYoungGen      total 47616K, used 34815K [0x00000000f5580000, 0x00000000f9280000, 0x0000000100000000)
  eden space 34816K, 99% used [0x00000000f5580000,0x00000000f777fff8,0x00000000f7780000)
  from space 12800K, 0% used [0x00000000f8400000,0x00000000f8400000,0x00000000f9080000)
  to   space 512K, 0% used [0x00000000f7880000,0x00000000f7880000,0x00000000f7900000)
 ParOldGen       total 349696K, used 349693K [0x00000000e0000000, 0x00000000f5580000, 0x00000000f5580000)
  object space 349696K, 99% used [0x00000000e0000000,0x00000000f557f6c8,0x00000000f5580000)
 Metaspace       used 59720K, committed 60544K, reserved 1105920K
  class space    used 5779K, committed 6144K, reserved 1048576K
GC Heap History (20 events):
Event: 1094.785 GC heap before
{Heap before GC invocations=629 (full 530):
 PSYoungGen      total 47616K, used 34816K [0x00000000f5580000, 0x00000000f9280000, 0x0000000100000000)
  eden space 34816K, 100% used [0x00000000f5580000,0x00000000f7780000,0x00000000f7780000)
  from space 12800K, 0% used [0x00000000f8400000,0x00000000f8400000,0x00000000f9080000)
  to   space 512K, 0% used [0x00000000f7880000,0x00000000f7880000,0x00000000f7900000)
 ParOldGen       total 349696K, used 349695K [0x00000000e0000000, 0x00000000f5580000, 0x00000000f5580000)
  object space 349696K, 99% used [0x00000000e0000000,0x00000000f557ffd0,0x00000000f5580000)
 Metaspace       used 59720K, committed 60544K, reserved 1105920K
  class space    used 5779K, committed 6144K, reserved 1048576K
}
Event: 1096.491 GC heap after
{Heap after GC invocations=629 (full 530):
 PSYoungGen      total 35328K, used 34816K [0x00000000f5580000, 0x00000000f9280000, 0x0000000100000000)
  eden space 34816K, 100% used [0x00000000f5580000,0x00000000f7780000,0x00000000f7780000)
  from space 512K, 0% used [0x00000000f7880000,0x00000000f7880000,0x00000000f7900000)
  to   space 12800K, 0% used [0x00000000f8400000,0x00000000f8400000,0x00000000f9080000)
 ParOldGen       total 349696K, used 349695K [0x00000000e0000000, 0x00000000f5580000, 0x00000000f5580000)
  object space 349696K, 99% used [0x00000000e0000000,0x00000000f557ff50,0x00000000f5580000)
 Metaspace       used 59720K, committed 60544K, reserved 1105920K
  class space    used 5779K, committed 6144K, reserved 1048576K
}
Event: 1096.491 GC heap before
{Heap before GC invocations=630 (full 531):
 PSYoungGen      total 35328K, used 34816K [0x00000000f5580000, 0x00000000f9280000, 0x0000000100000000)
  eden space 34816K, 100% used [0x00000000f5580000,0x00000000f7780000,0x00000000f7780000)
  from space 512K, 0% used [0x00000000f7880000,0x00000000f7880000,0x00000000f7900000)
  to   space 12800K, 0% used [0x00000000f8400000,0x00000000f8400000,0x00000000f9080000)
 ParOldGen       total 349696K, used 349696K [0x00000000e0000000, 0x00000000f5580000, 0x00000000f5580000)
  object space 349696K, 100% used [0x00000000e0000000,0x00000000f5580000,0x00000000f5580000)
 Metaspace       used 59720K, committed 60544K, reserved 1105920K
  class space    used 5779K, committed 6144K, reserved 1048576K
}
Event: 1098.220 GC heap after
{Heap after GC invocations=630 (full 531):
 PSYoungGen      total 47616K, used 34816K [0x00000000f5580000, 0x00000000f9280000, 0x0000000100000000)
  eden space 34816K, 100% used [0x00000000f5580000,0x00000000f7780000,0x00000000f7780000)
  from space 12800K, 0% used [0x00000000f8400000,0x00000000f8400000,0x00000000f9080000)
  to   space 512K, 0% used [0x00000000f7880000,0x00000000f7880000,0x00000000f7900000)
 ParOldGen       total 349696K, used 349695K [0x00000000e0000000, 0x00000000f5580000, 0x00000000f5580000)
  object space 349696K, 99% used [0x00000000e0000000,0x00000000f557ff80,0x00000000f5580000)
 Metaspace       used 59720K, committed 60544K, reserved 1105920K
  class space    used 5779K, committed 6144K, reserved 1048576K
}
Event: 1098.221 GC heap before
{Heap before GC invocations=631 (full 532):
 PSYoungGen      total 47616K, used 34816K [0x00000000f5580000, 0x00000000f9280000, 0x0000000100000000)
  eden space 34816K, 100% used [0x00000000f5580000,0x00000000f7780000,0x00000000f7780000)
  from space 12800K, 0% used [0x00000000f8400000,0x00000000f8400000,0x00000000f9080000)
  to   space 512K, 0% used [0x00000000f7880000,0x00000000f7880000,0x00000000f7900000)
 ParOldGen       total 349696K, used 349695K [0x00000000e0000000, 0x00000000f5580000, 0x00000000f5580000)
  object space 349696K, 99% used [0x00000000e0000000,0x00000000f557ffc0,0x00000000f5580000)
 Metaspace       used 59720K, committed 60544K, reserved 1105920K
  class space    used 5779K, committed 6144K, reserved 1048576K
}
Event: 1099.871 GC heap after
{Heap after GC invocations=631 (full 532):
 PSYoungGen      total 35328K, used 34816K [0x00000000f5580000, 0x00000000f9280000, 0x0000000100000000)
  eden space 34816K, 100% used [0x00000000f5580000,0x00000000f7780000,0x00000000f7780000)
  from space 512K, 0% used [0x00000000f7880000,0x00000000f7880000,0x00000000f7900000)
  to   space 12800K, 0% used [0x00000000f8400000,0x00000000f8400000,0x00000000f9080000)
 ParOldGen       total 349696K, used 349695K [0x00000000e0000000, 0x00000000f5580000, 0x00000000f5580000)
  object space 349696K, 99% used [0x00000000e0000000,0x00000000f557ffb0,0x00000000f5580000)
 Metaspace       used 59720K, committed 60544K, reserved 1105920K
  class space    used 5779K, committed 6144K, reserved 1048576K
}
Event: 1099.871 GC heap before
{Heap before GC invocations=632 (full 533):
 PSYoungGen      total 35328K, used 34816K [0x00000000f5580000, 0x00000000f9280000, 0x0000000100000000)
  eden space 34816K, 100% used [0x00000000f5580000,0x00000000f7780000,0x00000000f7780000)
  from space 512K, 0% used [0x00000000f7880000,0x00000000f7880000,0x00000000f7900000)
  to   space 12800K, 0% used [0x00000000f8400000,0x00000000f8400000,0x00000000f9080000)
 ParOldGen       total 349696K, used 349695K [0x00000000e0000000, 0x00000000f5580000, 0x00000000f5580000)
  object space 349696K, 99% used [0x00000000e0000000,0x00000000f557ffb0,0x00000000f5580000)
 Metaspace       used 59720K, committed 60544K, reserved 1105920K
  class space    used 5779K, committed 6144K, reserved 1048576K
}
Event: 1101.642 GC heap after
{Heap after GC invocations=632 (full 533):
 PSYoungGen      total 47616K, used 34816K [0x00000000f5580000, 0x00000000f9280000, 0x0000000100000000)
  eden space 34816K, 100% used [0x00000000f5580000,0x00000000f7780000,0x00000000f7780000)
  from space 12800K, 0% used [0x00000000f8400000,0x00000000f8400000,0x00000000f9080000)
  to   space 512K, 0% used [0x00000000f7880000,0x00000000f7880000,0x00000000f7900000)
 ParOldGen       total 349696K, used 349695K [0x00000000e0000000, 0x00000000f5580000, 0x00000000f5580000)
  object space 349696K, 99% used [0x00000000e0000000,0x00000000f557ff58,0x00000000f5580000)
 Metaspace       used 59720K, committed 60544K, reserved 1105920K
  class space    used 5779K, committed 6144K, reserved 1048576K
}
Event: 1101.643 GC heap before
{Heap before GC invocations=633 (full 534):
 PSYoungGen      total 47616K, used 34816K [0x00000000f5580000, 0x00000000f9280000, 0x0000000100000000)
  eden space 34816K, 100% used [0x00000000f5580000,0x00000000f7780000,0x00000000f7780000)
  from space 12800K, 0% used [0x00000000f8400000,0x00000000f8400000,0x00000000f9080000)
  to   space 512K, 0% used [0x00000000f7880000,0x00000000f7880000,0x00000000f7900000)
 ParOldGen       total 349696K, used 349695K [0x00000000e0000000, 0x00000000f5580000, 0x00000000f5580000)
  object space 349696K, 99% used [0x00000000e0000000,0x00000000f557ff78,0x00000000f5580000)
 Metaspace       used 59720K, committed 60544K, reserved 1105920K
  class space    used 5779K, committed 6144K, reserved 1048576K
}
Event: 1103.494 GC heap after
{Heap after GC invocations=633 (full 534):
 PSYoungGen      total 35328K, used 34815K [0x00000000f5580000, 0x00000000f9280000, 0x0000000100000000)
  eden space 34816K, 99% used [0x00000000f5580000,0x00000000f777ffe0,0x00000000f7780000)
  from space 512K, 0% used [0x00000000f7880000,0x00000000f7880000,0x00000000f7900000)
  to   space 12800K, 0% used [0x00000000f8400000,0x00000000f8400000,0x00000000f9080000)
 ParOldGen       total 349696K, used 349694K [0x00000000e0000000, 0x00000000f5580000, 0x00000000f5580000)
  object space 349696K, 99% used [0x00000000e0000000,0x00000000f557f9d8,0x00000000f5580000)
 Metaspace       used 59720K, committed 60544K, reserved 1105920K
  class space    used 5779K, committed 6144K, reserved 1048576K
}
Event: 1103.495 GC heap before
{Heap before GC invocations=634 (full 535):
 PSYoungGen      total 35328K, used 34816K [0x00000000f5580000, 0x00000000f9280000, 0x0000000100000000)
  eden space 34816K, 100% used [0x00000000f5580000,0x00000000f7780000,0x00000000f7780000)
  from space 512K, 0% used [0x00000000f7880000,0x00000000f7880000,0x00000000f7900000)
  to   space 12800K, 0% used [0x00000000f8400000,0x00000000f8400000,0x00000000f9080000)
 ParOldGen       total 349696K, used 349695K [0x00000000e0000000, 0x00000000f5580000, 0x00000000f5580000)
  object space 349696K, 99% used [0x00000000e0000000,0x00000000f557ff40,0x00000000f5580000)
 Metaspace       used 59720K, committed 60544K, reserved 1105920K
  class space    used 5779K, committed 6144K, reserved 1048576K
}
Event: 1105.482 GC heap after
{Heap after GC invocations=634 (full 535):
 PSYoungGen      total 47616K, used 34816K [0x00000000f5580000, 0x00000000f9280000, 0x0000000100000000)
  eden space 34816K, 100% used [0x00000000f5580000,0x00000000f7780000,0x00000000f7780000)
  from space 12800K, 0% used [0x00000000f8400000,0x00000000f8400000,0x00000000f9080000)
  to   space 512K, 0% used [0x00000000f7880000,0x00000000f7880000,0x00000000f7900000)
 ParOldGen       total 349696K, used 349695K [0x00000000e0000000, 0x00000000f5580000, 0x00000000f5580000)
  object space 349696K, 99% used [0x00000000e0000000,0x00000000f557fc38,0x00000000f5580000)
 Metaspace       used 59720K, committed 60544K, reserved 1105920K
  class space    used 5779K, committed 6144K, reserved 1048576K
}
Event: 1105.485 GC heap before
{Heap before GC invocations=635 (full 536):
 PSYoungGen      total 47616K, used 34816K [0x00000000f5580000, 0x00000000f9280000, 0x0000000100000000)
  eden space 34816K, 100% used [0x00000000f5580000,0x00000000f7780000,0x00000000f7780000)
  from space 12800K, 0% used [0x00000000f8400000,0x00000000f8400000,0x00000000f9080000)
  to   space 512K, 0% used [0x00000000f7880000,0x00000000f7880000,0x00000000f7900000)
 ParOldGen       total 349696K, used 349695K [0x00000000e0000000, 0x00000000f5580000, 0x00000000f5580000)
  object space 349696K, 99% used [0x00000000e0000000,0x00000000f557ff70,0x00000000f5580000)
 Metaspace       used 59720K, committed 60544K, reserved 1105920K
  class space    used 5779K, committed 6144K, reserved 1048576K
}
Event: 1107.725 GC heap after
{Heap after GC invocations=635 (full 536):
 PSYoungGen      total 35328K, used 34815K [0x00000000f5580000, 0x00000000f9280000, 0x0000000100000000)
  eden space 34816K, 99% used [0x00000000f5580000,0x00000000f777ff60,0x00000000f7780000)
  from space 512K, 0% used [0x00000000f7880000,0x00000000f7880000,0x00000000f7900000)
  to   space 12800K, 0% used [0x00000000f8400000,0x00000000f8400000,0x00000000f9080000)
 ParOldGen       total 349696K, used 349692K [0x00000000e0000000, 0x00000000f5580000, 0x00000000f5580000)
  object space 349696K, 99% used [0x00000000e0000000,0x00000000f557f258,0x00000000f5580000)
 Metaspace       used 59720K, committed 60544K, reserved 1105920K
  class space    used 5779K, committed 6144K, reserved 1048576K
}
Event: 1107.725 GC heap before
{Heap before GC invocations=636 (full 537):
 PSYoungGen      total 35328K, used 34815K [0x00000000f5580000, 0x00000000f9280000, 0x0000000100000000)
  eden space 34816K, 99% used [0x00000000f5580000,0x00000000f777ffd0,0x00000000f7780000)
  from space 512K, 0% used [0x00000000f7880000,0x00000000f7880000,0x00000000f7900000)
  to   space 12800K, 0% used [0x00000000f8400000,0x00000000f8400000,0x00000000f9080000)
 ParOldGen       total 349696K, used 349692K [0x00000000e0000000, 0x00000000f5580000, 0x00000000f5580000)
  object space 349696K, 99% used [0x00000000e0000000,0x00000000f557f258,0x00000000f5580000)
 Metaspace       used 59720K, committed 60544K, reserved 1105920K
  class space    used 5779K, committed 6144K, reserved 1048576K
}
Event: 1109.958 GC heap after
{Heap after GC invocations=636 (full 537):
 PSYoungGen      total 47616K, used 34815K [0x00000000f5580000, 0x00000000f9280000, 0x0000000100000000)
  eden space 34816K, 99% used [0x00000000f5580000,0x00000000f777ffd0,0x00000000f7780000)
  from space 12800K, 0% used [0x00000000f8400000,0x00000000f8400000,0x00000000f9080000)
  to   space 512K, 0% used [0x00000000f7880000,0x00000000f7880000,0x00000000f7900000)
 ParOldGen       total 349696K, used 349692K [0x00000000e0000000, 0x00000000f5580000, 0x00000000f5580000)
  object space 349696K, 99% used [0x00000000e0000000,0x00000000f557f258,0x00000000f5580000)
 Metaspace       used 59720K, committed 60544K, reserved 1105920K
  class space    used 5779K, committed 6144K, reserved 1048576K
}
Event: 1109.959 GC heap before
{Heap before GC invocations=637 (full 538):
 PSYoungGen      total 47616K, used 34815K [0x00000000f5580000, 0x00000000f9280000, 0x0000000100000000)
  eden space 34816K, 99% used [0x00000000f5580000,0x00000000f777fff8,0x00000000f7780000)
  from space 12800K, 0% used [0x00000000f8400000,0x00000000f8400000,0x00000000f9080000)
  to   space 512K, 0% used [0x00000000f7880000,0x00000000f7880000,0x00000000f7900000)
 ParOldGen       total 349696K, used 349694K [0x00000000e0000000, 0x00000000f5580000, 0x00000000f5580000)
  object space 349696K, 99% used [0x00000000e0000000,0x00000000f557f990,0x00000000f5580000)
 Metaspace       used 59720K, committed 60544K, reserved 1105920K
  class space    used 5779K, committed 6144K, reserved 1048576K
}
Event: 1112.076 GC heap after
{Heap after GC invocations=637 (full 538):
 PSYoungGen      total 35328K, used 34815K [0x00000000f5580000, 0x00000000f9280000, 0x0000000100000000)
  eden space 34816K, 99% used [0x00000000f5580000,0x00000000f777fff8,0x00000000f7780000)
  from space 512K, 0% used [0x00000000f7880000,0x00000000f7880000,0x00000000f7900000)
  to   space 12800K, 0% used [0x00000000f8400000,0x00000000f8400000,0x00000000f9080000)
 ParOldGen       total 349696K, used 349693K [0x00000000e0000000, 0x00000000f5580000, 0x00000000f5580000)
  object space 349696K, 99% used [0x00000000e0000000,0x00000000f557f560,0x00000000f5580000)
 Metaspace       used 59720K, committed 60544K, reserved 1105920K
  class space    used 5779K, committed 6144K, reserved 1048576K
}
Event: 1112.076 GC heap before
{Heap before GC invocations=638 (full 539):
 PSYoungGen      total 35328K, used 34815K [0x00000000f5580000, 0x00000000f9280000, 0x0000000100000000)
  eden space 34816K, 99% used [0x00000000f5580000,0x00000000f777fff8,0x00000000f7780000)
  from space 512K, 0% used [0x00000000f7880000,0x00000000f7880000,0x00000000f7900000)
  to   space 12800K, 0% used [0x00000000f8400000,0x00000000f8400000,0x00000000f9080000)
 ParOldGen       total 349696K, used 349693K [0x00000000e0000000, 0x00000000f5580000, 0x00000000f5580000)
  object space 349696K, 99% used [0x00000000e0000000,0x00000000f557f560,0x00000000f5580000)
 Metaspace       used 59720K, committed 60544K, reserved 1105920K
  class space    used 5779K, committed 6144K, reserved 1048576K
}
Event: 1114.035 GC heap after
{Heap after GC invocations=638 (full 539):
 PSYoungGen      total 47616K, used 34815K [0x00000000f5580000, 0x00000000f9280000, 0x0000000100000000)
  eden space 34816K, 99% used [0x00000000f5580000,0x00000000f777fff8,0x00000000f7780000)
  from space 12800K, 0% used [0x00000000f8400000,0x00000000f8400000,0x00000000f9080000)
  to   space 512K, 0% used [0x00000000f7880000,0x00000000f7880000,0x00000000f7900000)
 ParOldGen       total 349696K, used 349693K [0x00000000e0000000, 0x00000000f5580000, 0x00000000f5580000)
  object space 349696K, 99% used [0x00000000e0000000,0x00000000f557f560,0x00000000f5580000)
 Metaspace       used 59720K, committed 60544K, reserved 1105920K
  class space    used 5779K, committed 6144K, reserved 1048576K
}

