# JRE version: OpenJDK Runtime Environment GraalVM CE 22.3.0 (17.0.5+8) (build 17.0.5+8-jvmci-22.3-b08)
# Java VM: OpenJDK 64-Bit Server VM GraalVM CE 22.3.0 (17.0.5+8-jvmci-22.3-b08, mixed mode, sharing, tiered, jvmci, jvmci compiler, compressed oops, compressed class ptrs, parallel gc, linux-amd64)
GC Precious Log:
 CPUs: 8 total, 1 available
 Memory: 1024M
 Large Page Support: Disabled
 NUMA Support: Disabled
 Compressed Oops: Enabled (32-bit)
 Alignments: Space 512K, Generation 512K, Heap 2M
 Heap Min Capacity: 100M
 Heap Initial Capacity: 100M
 Heap Max Capacity: 512M
 Pre-touch: Disabled
 Parallel Workers: 1
Heap:
 PSYoungGen      total 41984K, used 28672K [0x00000000f5580000, 0x00000000f8c80000, 0x0000000100000000)
  eden space 28672K, 100% used [0x00000000f5580000,0x00000000f7180000,0x00000000f7180000)
  from space 13312K, 0% used [0x00000000f7180000,0x00000000f7180000,0x00000000f7e80000)
  to   space 11264K, 0% used [0x00000000f8000000,0x00000000f8000000,0x00000000f8b00000)
 ParOldGen       total 349696K, used 349695K [0x00000000e0000000, 0x00000000f5580000, 0x00000000f5580000)
  object space 349696K, 99% used [0x00000000e0000000,0x00000000f557fff8,0x00000000f5580000)
 Metaspace       used 60323K, committed 61568K, reserved 1105920K
  class space    used 5957K, committed 6400K, reserved 1048576K
GC Heap History (20 events):
Event: 493.390 GC heap before
{Heap before GC invocations=426 (full 313):
 PSYoungGen      total 41984K, used 28672K [0x00000000f5580000, 0x00000000f8c80000, 0x0000000100000000)
  eden space 28672K, 100% used [0x00000000f5580000,0x00000000f7180000,0x00000000f7180000)
  from space 13312K, 0% used [0x00000000f7180000,0x00000000f7180000,0x00000000f7e80000)
  to   space 11264K, 0% used [0x00000000f8000000,0x00000000f8000000,0x00000000f8b00000)
 ParOldGen       total 349696K, used 349692K [0x00000000e0000000, 0x00000000f5580000, 0x00000000f5580000)
  object space 349696K, 99% used [0x00000000e0000000,0x00000000f557f148,0x00000000f5580000)
 Metaspace       used 60323K, committed 61568K, reserved 1105920K
  class space    used 5957K, committed 6400K, reserved 1048576K
}
Event: 494.704 GC heap after
{Heap after GC invocations=426 (full 313):
 PSYoungGen      total 39936K, used 28671K [0x00000000f5580000, 0x00000000f8c80000, 0x0000000100000000)
  eden space 28672K, 99% used [0x00000000f5580000,0x00000000f717ffc0,0x00000000f7180000)
  from space 11264K, 0% used [0x00000000f8000000,0x00000000f8000000,0x00000000f8b00000)
  to   space 13312K, 0% used [0x00000000f7180000,0x00000000f7180000,0x00000000f7e80000)
 ParOldGen       total 349696K, used 349692K [0x00000000e0000000, 0x00000000f5580000, 0x00000000f5580000)
  object space 349696K, 99% used [0x00000000e0000000,0x00000000f557f148,0x00000000f5580000)
 Metaspace       used 60323K, committed 61568K, reserved 1105920K
  class space    used 5957K, committed 6400K, reserved 1048576K
}
Event: 494.709 GC heap before
{Heap before GC invocations=427 (full 314):
 PSYoungGen      total 39936K, used 28672K [0x00000000f5580000, 0x00000000f8c80000, 0x0000000100000000)
  eden space 28672K, 100% used [0x00000000f5580000,0x00000000f7180000,0x00000000f7180000)
  from space 11264K, 0% used [0x00000000f8000000,0x00000000f8000000,0x00000000f8b00000)
  to   space 13312K, 0% used [0x00000000f7180000,0x00000000f7180000,0x00000000f7e80000)
 ParOldGen       total 349696K, used 349692K [0x00000000e0000000, 0x00000000f5580000, 0x00000000f5580000)
  object space 349696K, 99% used [0x00000000e0000000,0x00000000f557f148,0x00000000f5580000)
 Metaspace       used 60323K, committed 61568K, reserved 1105920K
  class space    used 5957K, committed 6400K, reserved 1048576K
}
Event: 496.018 GC heap after
{Heap after GC invocations=427 (full 314):
 PSYoungGen      total 41984K, used 28671K [0x00000000f5580000, 0x00000000f8c80000, 0x0000000100000000)
  eden space 28672K, 99% used [0x00000000f5580000,0x00000000f717ffc0,0x00000000f7180000)
  from space 13312K, 0% used [0x00000000f7180000,0x00000000f7180000,0x00000000f7e80000)
  to   space 11264K, 0% used [0x00000000f8000000,0x00000000f8000000,0x00000000f8b00000)
 ParOldGen       total 349696K, used 349692K [0x00000000e0000000, 0x00000000f5580000, 0x00000000f5580000)
  object space 349696K, 99% used [0x00000000e0000000,0x00000000f557f148,0x00000000f5580000)
 Metaspace       used 60323K, committed 61568K, reserved 1105920K
  class space    used 5957K, committed 6400K, reserved 1048576K
}
Event: 496.018 GC heap before
{Heap before GC invocations=428 (full 315):
 PSYoungGen      total 41984K, used 28671K [0x00000000f5580000, 0x00000000f8c80000, 0x0000000100000000)
  eden space 28672K, 99% used [0x00000000f5580000,0x00000000f717ffd8,0x00000000f7180000)
  from space 13312K, 0% used [0x00000000f7180000,0x00000000f7180000,0x00000000f7e80000)
  to   space 11264K, 0% used [0x00000000f8000000,0x00000000f8000000,0x00000000f8b00000)
 ParOldGen       total 349696K, used 349692K [0x00000000e0000000, 0x00000000f5580000, 0x00000000f5580000)
  object space 349696K, 99% used [0x00000000e0000000,0x00000000f557f148,0x00000000f5580000)
 Metaspace       used 60323K, committed 61568K, reserved 1105920K
  class space    used 5957K, committed 6400K, reserved 1048576K
}
Event: 497.280 GC heap after
{Heap after GC invocations=428 (full 315):
 PSYoungGen      total 39936K, used 28671K [0x00000000f5580000, 0x00000000f8c80000, 0x0000000100000000)
  eden space 28672K, 99% used [0x00000000f5580000,0x00000000f717ffd8,0x00000000f7180000)
  from space 11264K, 0% used [0x00000000f8000000,0x00000000f8000000,0x00000000f8b00000)
  to   space 13312K, 0% used [0x00000000f7180000,0x00000000f7180000,0x00000000f7e80000)
 ParOldGen       total 349696K, used 349692K [0x00000000e0000000, 0x00000000f5580000, 0x00000000f5580000)
  object space 349696K, 99% used [0x00000000e0000000,0x00000000f557f148,0x00000000f5580000)
 Metaspace       used 60323K, committed 61568K, reserved 1105920K
  class space    used 5957K, committed 6400K, reserved 1048576K
}
Event: 497.297 GC heap before
{Heap before GC invocations=429 (full 316):
 PSYoungGen      total 39936K, used 28672K [0x00000000f5580000, 0x00000000f8c80000, 0x0000000100000000)
  eden space 28672K, 100% used [0x00000000f5580000,0x00000000f7180000,0x00000000f7180000)
  from space 11264K, 0% used [0x00000000f8000000,0x00000000f8000000,0x00000000f8b00000)
  to   space 13312K, 0% used [0x00000000f7180000,0x00000000f7180000,0x00000000f7e80000)
 ParOldGen       total 349696K, used 349695K [0x00000000e0000000, 0x00000000f5580000, 0x00000000f5580000)
  object space 349696K, 99% used [0x00000000e0000000,0x00000000f557fff8,0x00000000f5580000)
 Metaspace       used 60323K, committed 61568K, reserved 1105920K
  class space    used 5957K, committed 6400K, reserved 1048576K
}
Event: 498.599 GC heap after
{Heap after GC invocations=429 (full 316):
 PSYoungGen      total 41984K, used 28672K [0x00000000f5580000, 0x00000000f8c80000, 0x0000000100000000)
  eden space 28672K, 100% used [0x00000000f5580000,0x00000000f7180000,0x00000000f7180000)
  from space 13312K, 0% used [0x00000000f7180000,0x00000000f7180000,0x00000000f7e80000)
  to   space 11264K, 0% used [0x00000000f8000000,0x00000000f8000000,0x00000000f8b00000)
 ParOldGen       total 349696K, used 349695K [0x00000000e0000000, 0x00000000f5580000, 0x00000000f5580000)
  object space 349696K, 99% used [0x00000000e0000000,0x00000000f557ff38,0x00000000f5580000)
 Metaspace       used 60323K, committed 61568K, reserved 1105920K
  class space    used 5957K, committed 6400K, reserved 1048576K
}
Event: 498.599 GC heap before
{Heap before GC invocations=430 (full 317):
 PSYoungGen      total 41984K, used 28672K [0x00000000f5580000, 0x00000000f8c80000, 0x0000000100000000)
  eden space 28672K, 100% used [0x00000000f5580000,0x00000000f7180000,0x00000000f7180000)
  from space 13312K, 0% used [0x00000000f7180000,0x00000000f7180000,0x00000000f7e80000)
  to   space 11264K, 0% used [0x00000000f8000000,0x00000000f8000000,0x00000000f8b00000)
 ParOldGen       total 349696K, used 349695K [0x00000000e0000000, 0x00000000f5580000, 0x00000000f5580000)
  object space 349696K, 99% used [0x00000000e0000000,0x00000000f557ff48,0x00000000f5580000)
 Metaspace       used 60323K, committed 61568K, reserved 1105920K
  class space    used 5957K, committed 6400K, reserved 1048576K
}
Event: 500.014 GC heap after
{Heap after GC invocations=430 (full 317):
 PSYoungGen      total 39936K, used 28672K [0x00000000f5580000, 0x00000000f8c80000, 0x0000000100000000)
  eden space 28672K, 100% used [0x00000000f5580000,0x00000000f7180000,0x00000000f7180000)
  from space 11264K, 0% used [0x00000000f8000000,0x00000000f8000000,0x00000000f8b00000)
  to   space 13312K, 0% used [0x00000000f7180000,0x00000000f7180000,0x00000000f7e80000)
 ParOldGen       total 349696K, used 349695K [0x00000000e0000000, 0x00000000f5580000, 0x00000000f5580000)
  object space 349696K, 99% used [0x00000000e0000000,0x00000000f557ff48,0x00000000f5580000)
 Metaspace       used 60323K, committed 61568K, reserved 1105920K
  class space    used 5957K, committed 6400K, reserved 1048576K
}
Event: 500.014 GC heap before
{Heap before GC invocations=431 (full 318):
 PSYoungGen      total 39936K, used 28672K [0x00000000f5580000, 0x00000000f8c80000, 0x0000000100000000)
  eden space 28672K, 100% used [0x00000000f5580000,0x00000000f7180000,0x00000000f7180000)
  from space 11264K, 0% used [0x00000000f8000000,0x00000000f8000000,0x00000000f8b00000)
  to   space 13312K, 0% used [0x00000000f7180000,0x00000000f7180000,0x00000000f7e80000)
 ParOldGen       total 349696K, used 349695K [0x00000000e0000000, 0x00000000f5580000, 0x00000000f5580000)
  object space 349696K, 99% used [0x00000000e0000000,0x00000000f557ff48,0x00000000f5580000)
 Metaspace       used 60323K, committed 61568K, reserved 1105920K
  class space    used 5957K, committed 6400K, reserved 1048576K
}
Event: 501.552 GC heap after
{Heap after GC invocations=431 (full 318):
 PSYoungGen      total 41984K, used 28672K [0x00000000f5580000, 0x00000000f8c80000, 0x0000000100000000)
  eden space 28672K, 100% used [0x00000000f5580000,0x00000000f7180000,0x00000000f7180000)
  from space 13312K, 0% used [0x00000000f7180000,0x00000000f7180000,0x00000000f7e80000)
  to   space 11264K, 0% used [0x00000000f8000000,0x00000000f8000000,0x00000000f8b00000)
 ParOldGen       total 349696K, used 349695K [0x00000000e0000000, 0x00000000f5580000, 0x00000000f5580000)
  object space 349696K, 99% used [0x00000000e0000000,0x00000000f557ff48,0x00000000f5580000)
 Metaspace       used 60323K, committed 61568K, reserved 1105920K
  class space    used 5957K, committed 6400K, reserved 1048576K
}
Event: 501.557 GC heap before
{Heap before GC invocations=432 (full 319):
 PSYoungGen      total 41984K, used 28672K [0x00000000f5580000, 0x00000000f8c80000, 0x0000000100000000)
  eden space 28672K, 100% used [0x00000000f5580000,0x00000000f7180000,0x00000000f7180000)
  from space 13312K, 0% used [0x00000000f7180000,0x00000000f7180000,0x00000000f7e80000)
  to   space 11264K, 0% used [0x00000000f8000000,0x00000000f8000000,0x00000000f8b00000)
 ParOldGen       total 349696K, used 349695K [0x00000000e0000000, 0x00000000f5580000, 0x00000000f5580000)
  object space 349696K, 99% used [0x00000000e0000000,0x00000000f557ff48,0x00000000f5580000)
 Metaspace       used 60323K, committed 61568K, reserved 1105920K
  class space    used 5957K, committed 6400K, reserved 1048576K
}
Event: 503.230 GC heap after
{Heap after GC invocations=432 (full 319):
 PSYoungGen      total 39936K, used 28672K [0x00000000f5580000, 0x00000000f8c80000, 0x0000000100000000)
  eden space 28672K, 100% used [0x00000000f5580000,0x00000000f7180000,0x00000000f7180000)
  from space 11264K, 0% used [0x00000000f8000000,0x00000000f8000000,0x00000000f8b00000)
  to   space 13312K, 0% used [0x00000000f7180000,0x00000000f7180000,0x00000000f7e80000)
 ParOldGen       total 349696K, used 349694K [0x00000000e0000000, 0x00000000f5580000, 0x00000000f5580000)
  object space 349696K, 99% used [0x00000000e0000000,0x00000000f557f988,0x00000000f5580000)
 Metaspace       used 60323K, committed 61568K, reserved 1105920K
  class space    used 5957K, committed 6400K, reserved 1048576K
}
Event: 503.236 GC heap before
{Heap before GC invocations=433 (full 320):
 PSYoungGen      total 39936K, used 28672K [0x00000000f5580000, 0x00000000f8c80000, 0x0000000100000000)
  eden space 28672K, 100% used [0x00000000f5580000,0x00000000f7180000,0x00000000f7180000)
  from space 11264K, 0% used [0x00000000f8000000,0x00000000f8000000,0x00000000f8b00000)
  to   space 13312K, 0% used [0x00000000f7180000,0x00000000f7180000,0x00000000f7e80000)
 ParOldGen       total 349696K, used 349695K [0x00000000e0000000, 0x00000000f5580000, 0x00000000f5580000)
  object space 349696K, 99% used [0x00000000e0000000,0x00000000f557ffc8,0x00000000f5580000)
 Metaspace       used 60323K, committed 61568K, reserved 1105920K
  class space    used 5957K, committed 6400K, reserved 1048576K
}
Event: 504.609 GC heap after
{Heap after GC invocations=433 (full 320):
 PSYoungGen      total 41984K, used 28672K [0x00000000f5580000, 0x00000000f8c80000, 0x0000000100000000)
  eden space 28672K, 100% used [0x00000000f5580000,0x00000000f7180000,0x00000000f7180000)
  from space 13312K, 0% used [0x00000000f7180000,0x00000000f7180000,0x00000000f7e80000)
  to   space 11264K, 0% used [0x00000000f8000000,0x00000000f8000000,0x00000000f8b00000)
 ParOldGen       total 349696K, used 349695K [0x00000000e0000000, 0x00000000f5580000, 0x00000000f5580000)
  object space 349696K, 99% used [0x00000000e0000000,0x00000000f557fc58,0x00000000f5580000)
 Metaspace       used 60323K, committed 61568K, reserved 1105920K
  class space    used 5957K, committed 6400K, reserved 1048576K
}
Event: 504.610 GC heap before
{Heap before GC invocations=434 (full 321):
 PSYoungGen      total 41984K, used 28672K [0x00000000f5580000, 0x00000000f8c80000, 0x0000000100000000)
  eden space 28672K, 100% used [0x00000000f5580000,0x00000000f7180000,0x00000000f7180000)
  from space 13312K, 0% used [0x00000000f7180000,0x00000000f7180000,0x00000000f7e80000)
  to   space 11264K, 0% used [0x00000000f8000000,0x00000000f8000000,0x00000000f8b00000)
 ParOldGen       total 349696K, used 349695K [0x00000000e0000000, 0x00000000f5580000, 0x00000000f5580000)
  object space 349696K, 99% used [0x00000000e0000000,0x00000000f557fda8,0x00000000f5580000)
 Metaspace       used 60323K, committed 61568K, reserved 1105920K
  class space    used 5957K, committed 6400K, reserved 1048576K
}
Event: 506.025 GC heap after
{Heap after GC invocations=434 (full 321):
 PSYoungGen      total 39936K, used 28672K [0x00000000f5580000, 0x00000000f8c80000, 0x0000000100000000)
  eden space 28672K, 100% used [0x00000000f5580000,0x00000000f7180000,0x00000000f7180000)
  from space 11264K, 0% used [0x00000000f8000000,0x00000000f8000000,0x00000000f8b00000)
  to   space 13312K, 0% used [0x00000000f7180000,0x00000000f7180000,0x00000000f7e80000)
 ParOldGen       total 349696K, used 349695K [0x00000000e0000000, 0x00000000f5580000, 0x00000000f5580000)
  object space 349696K, 99% used [0x00000000e0000000,0x00000000f557fc58,0x00000000f5580000)
 Metaspace       used 60323K, committed 61568K, reserved 1105920K
  class space    used 5957K, committed 6400K, reserved 1048576K
}
Event: 506.025 GC heap before
{Heap before GC invocations=435 (full 322):
 PSYoungGen      total 39936K, used 28672K [0x00000000f5580000, 0x00000000f8c80000, 0x0000000100000000)
  eden space 28672K, 100% used [0x00000000f5580000,0x00000000f7180000,0x00000000f7180000)
  from space 11264K, 0% used [0x00000000f8000000,0x00000000f8000000,0x00000000f8b00000)
  to   space 13312K, 0% used [0x00000000f7180000,0x00000000f7180000,0x00000000f7e80000)
 ParOldGen       total 349696K, used 349695K [0x00000000e0000000, 0x00000000f5580000, 0x00000000f5580000)
  object space 349696K, 99% used [0x00000000e0000000,0x00000000f557fc58,0x00000000f5580000)
 Metaspace       used 60323K, committed 61568K, reserved 1105920K
  class space    used 5957K, committed 6400K, reserved 1048576K
}
Event: 507.413 GC heap after
{Heap after GC invocations=435 (full 322):
 PSYoungGen      total 41984K, used 28672K [0x00000000f5580000, 0x00000000f8c80000, 0x0000000100000000)
  eden space 28672K, 100% used [0x00000000f5580000,0x00000000f7180000,0x00000000f7180000)
  from space 13312K, 0% used [0x00000000f7180000,0x00000000f7180000,0x00000000f7e80000)
  to   space 11264K, 0% used [0x00000000f8000000,0x00000000f8000000,0x00000000f8b00000)
 ParOldGen       total 349696K, used 349695K [0x00000000e0000000, 0x00000000f5580000, 0x00000000f5580000)
  object space 349696K, 99% used [0x00000000e0000000,0x00000000f557fc58,0x00000000f5580000)
 Metaspace       used 60323K, committed 61568K, reserved 1105920K
  class space    used 5957K, committed 6400K, reserved 1048576K
}

