# JRE version: OpenJDK Runtime Environment GraalVM CE 22.3.0 (17.0.5+8) (build 17.0.5+8-jvmci-22.3-b08)
# Java VM: OpenJDK 64-Bit Server VM GraalVM CE 22.3.0 (17.0.5+8-jvmci-22.3-b08, mixed mode, sharing, tiered, jvmci, jvmci compiler, compressed oops, compressed class ptrs, parallel gc, linux-amd64)
GC Precious Log:
 CPUs: 8 total, 1 available
 Memory: 1024M
 Large Page Support: Disabled
 NUMA Support: Disabled
 Compressed Oops: Enabled (32-bit)
 Alignments: Space 512K, Generation 512K, Heap 2M
 Heap Min Capacity: 100M
 Heap Initial Capacity: 100M
 Heap Max Capacity: 512M
 Pre-touch: Disabled
 Parallel Workers: 1
Heap:
 PSYoungGen      total 58368K, used 39988K [0x00000000f5580000, 0x00000000fd480000, 0x0000000100000000)
  eden space 36864K, 100% used [0x00000000f5580000,0x00000000f7980000,0x00000000f7980000)
  from space 21504K, 14% used [0x00000000fa680000,0x00000000fa98d198,0x00000000fbb80000)
  to   space 46080K, 0% used [0x00000000f7980000,0x00000000f7980000,0x00000000fa680000)
 ParOldGen       total 349696K, used 349695K [0x00000000e0000000, 0x00000000f5580000, 0x00000000f5580000)
  object space 349696K, 99% used [0x00000000e0000000,0x00000000f557fff8,0x00000000f5580000)
 Metaspace       used 61152K, committed 62208K, reserved 1105920K
  class space    used 5577K, committed 6016K, reserved 1048576K
GC Heap History (20 events):
Event: 2399.351 GC heap before
{Heap before GC invocations=1358 (full 1219):
 PSYoungGen      total 58368K, used 39988K [0x00000000f5580000, 0x00000000fd480000, 0x0000000100000000)
  eden space 36864K, 100% used [0x00000000f5580000,0x00000000f7980000,0x00000000f7980000)
  from space 21504K, 14% used [0x00000000fa680000,0x00000000fa98d198,0x00000000fbb80000)
  to   space 46080K, 0% used [0x00000000f7980000,0x00000000f7980000,0x00000000fa680000)
 ParOldGen       total 349696K, used 349694K [0x00000000e0000000, 0x00000000f5580000, 0x00000000f5580000)
  object space 349696K, 99% used [0x00000000e0000000,0x00000000f557f960,0x00000000f5580000)
 Metaspace       used 61152K, committed 62208K, reserved 1105920K
  class space    used 5577K, committed 6016K, reserved 1048576K
}
Event: 2400.923 GC heap after
{Heap after GC invocations=1358 (full 1219):
 PSYoungGen      total 58368K, used 39988K [0x00000000f5580000, 0x00000000fd480000, 0x0000000100000000)
  eden space 36864K, 99% used [0x00000000f5580000,0x00000000f797fff0,0x00000000f7980000)
  from space 21504K, 14% used [0x00000000fa680000,0x00000000fa98d198,0x00000000fbb80000)
  to   space 46080K, 0% used [0x00000000f7980000,0x00000000f7980000,0x00000000fa680000)
 ParOldGen       total 349696K, used 349694K [0x00000000e0000000, 0x00000000f5580000, 0x00000000f5580000)
  object space 349696K, 99% used [0x00000000e0000000,0x00000000f557f960,0x00000000f5580000)
 Metaspace       used 61152K, committed 62208K, reserved 1105920K
  class space    used 5577K, committed 6016K, reserved 1048576K
}
Event: 2400.924 GC heap before
{Heap before GC invocations=1359 (full 1220):
 PSYoungGen      total 58368K, used 39988K [0x00000000f5580000, 0x00000000fd480000, 0x0000000100000000)
  eden space 36864K, 100% used [0x00000000f5580000,0x00000000f7980000,0x00000000f7980000)
  from space 21504K, 14% used [0x00000000fa680000,0x00000000fa98d198,0x00000000fbb80000)
  to   space 46080K, 0% used [0x00000000f7980000,0x00000000f7980000,0x00000000fa680000)
 ParOldGen       total 349696K, used 349695K [0x00000000e0000000, 0x00000000f5580000, 0x00000000f5580000)
  object space 349696K, 99% used [0x00000000e0000000,0x00000000f557ff98,0x00000000f5580000)
 Metaspace       used 61152K, committed 62208K, reserved 1105920K
  class space    used 5577K, committed 6016K, reserved 1048576K
}
Event: 2402.431 GC heap after
{Heap after GC invocations=1359 (full 1220):
 PSYoungGen      total 58368K, used 39988K [0x00000000f5580000, 0x00000000fd480000, 0x0000000100000000)
  eden space 36864K, 99% used [0x00000000f5580000,0x00000000f797ffe0,0x00000000f7980000)
  from space 21504K, 14% used [0x00000000fa680000,0x00000000fa98d198,0x00000000fbb80000)
  to   space 46080K, 0% used [0x00000000f7980000,0x00000000f7980000,0x00000000fa680000)
 ParOldGen       total 349696K, used 349695K [0x00000000e0000000, 0x00000000f5580000, 0x00000000f5580000)
  object space 349696K, 99% used [0x00000000e0000000,0x00000000f557fca0,0x00000000f5580000)
 Metaspace       used 61152K, committed 62208K, reserved 1105920K
  class space    used 5577K, committed 6016K, reserved 1048576K
}
Event: 2402.431 GC heap before
{Heap before GC invocations=1360 (full 1221):
 PSYoungGen      total 58368K, used 39988K [0x00000000f5580000, 0x00000000fd480000, 0x0000000100000000)
  eden space 36864K, 99% used [0x00000000f5580000,0x00000000f797ffe0,0x00000000f7980000)
  from space 21504K, 14% used [0x00000000fa680000,0x00000000fa98d198,0x00000000fbb80000)
  to   space 46080K, 0% used [0x00000000f7980000,0x00000000f7980000,0x00000000fa680000)
 ParOldGen       total 349696K, used 349695K [0x00000000e0000000, 0x00000000f5580000, 0x00000000f5580000)
  object space 349696K, 99% used [0x00000000e0000000,0x00000000f557fca0,0x00000000f5580000)
 Metaspace       used 61152K, committed 62208K, reserved 1105920K
  class space    used 5577K, committed 6016K, reserved 1048576K
}
Event: 2403.973 GC heap after
{Heap after GC invocations=1360 (full 1221):
 PSYoungGen      total 58368K, used 39988K [0x00000000f5580000, 0x00000000fd480000, 0x0000000100000000)
  eden space 36864K, 99% used [0x00000000f5580000,0x00000000f797ffe0,0x00000000f7980000)
  from space 21504K, 14% used [0x00000000fa680000,0x00000000fa98d198,0x00000000fbb80000)
  to   space 46080K, 0% used [0x00000000f7980000,0x00000000f7980000,0x00000000fa680000)
 ParOldGen       total 349696K, used 349695K [0x00000000e0000000, 0x00000000f5580000, 0x00000000f5580000)
  object space 349696K, 99% used [0x00000000e0000000,0x00000000f557fca0,0x00000000f5580000)
 Metaspace       used 61152K, committed 62208K, reserved 1105920K
  class space    used 5577K, committed 6016K, reserved 1048576K
}
Event: 2403.975 GC heap before
{Heap before GC invocations=1361 (full 1222):
 PSYoungGen      total 58368K, used 39988K [0x00000000f5580000, 0x00000000fd480000, 0x0000000100000000)
  eden space 36864K, 100% used [0x00000000f5580000,0x00000000f7980000,0x00000000f7980000)
  from space 21504K, 14% used [0x00000000fa680000,0x00000000fa98d198,0x00000000fbb80000)
  to   space 46080K, 0% used [0x00000000f7980000,0x00000000f7980000,0x00000000fa680000)
 ParOldGen       total 349696K, used 349695K [0x00000000e0000000, 0x00000000f5580000, 0x00000000f5580000)
  object space 349696K, 99% used [0x00000000e0000000,0x00000000f557fe80,0x00000000f5580000)
 Metaspace       used 61152K, committed 62208K, reserved 1105920K
  class space    used 5577K, committed 6016K, reserved 1048576K
}
Event: 2405.649 GC heap after
{Heap after GC invocations=1361 (full 1222):
 PSYoungGen      total 58368K, used 39988K [0x00000000f5580000, 0x00000000fd480000, 0x0000000100000000)
  eden space 36864K, 99% used [0x00000000f5580000,0x00000000f797ffe0,0x00000000f7980000)
  from space 21504K, 14% used [0x00000000fa680000,0x00000000fa98d198,0x00000000fbb80000)
  to   space 46080K, 0% used [0x00000000f7980000,0x00000000f7980000,0x00000000fa680000)
 ParOldGen       total 349696K, used 349694K [0x00000000e0000000, 0x00000000f5580000, 0x00000000f5580000)
  object space 349696K, 99% used [0x00000000e0000000,0x00000000f557fb90,0x00000000f5580000)
 Metaspace       used 61152K, committed 62208K, reserved 1105920K
  class space    used 5577K, committed 6016K, reserved 1048576K
}
Event: 2405.651 GC heap before
{Heap before GC invocations=1362 (full 1223):
 PSYoungGen      total 58368K, used 39988K [0x00000000f5580000, 0x00000000fd480000, 0x0000000100000000)
  eden space 36864K, 100% used [0x00000000f5580000,0x00000000f7980000,0x00000000f7980000)
  from space 21504K, 14% used [0x00000000fa680000,0x00000000fa98d198,0x00000000fbb80000)
  to   space 46080K, 0% used [0x00000000f7980000,0x00000000f7980000,0x00000000fa680000)
 ParOldGen       total 349696K, used 349694K [0x00000000e0000000, 0x00000000f5580000, 0x00000000f5580000)
  object space 349696K, 99% used [0x00000000e0000000,0x00000000f557fb90,0x00000000f5580000)
 Metaspace       used 61152K, committed 62208K, reserved 1105920K
  class space    used 5577K, committed 6016K, reserved 1048576K
}
Event: 2407.165 GC heap after
{Heap after GC invocations=1362 (full 1223):
 PSYoungGen      total 58368K, used 39988K [0x00000000f5580000, 0x00000000fd480000, 0x0000000100000000)
  eden space 36864K, 99% used [0x00000000f5580000,0x00000000f797ffe0,0x00000000f7980000)
  from space 21504K, 14% used [0x00000000fa680000,0x00000000fa98d198,0x00000000fbb80000)
  to   space 46080K, 0% used [0x00000000f7980000,0x00000000f7980000,0x00000000fa680000)
 ParOldGen       total 349696K, used 349694K [0x00000000e0000000, 0x00000000f5580000, 0x00000000f5580000)
  object space 349696K, 99% used [0x00000000e0000000,0x00000000f557fb90,0x00000000f5580000)
 Metaspace       used 61152K, committed 62208K, reserved 1105920K
  class space    used 5577K, committed 6016K, reserved 1048576K
}
Event: 2407.166 GC heap before
{Heap before GC invocations=1363 (full 1224):
 PSYoungGen      total 58368K, used 39988K [0x00000000f5580000, 0x00000000fd480000, 0x0000000100000000)
  eden space 36864K, 100% used [0x00000000f5580000,0x00000000f7980000,0x00000000f7980000)
  from space 21504K, 14% used [0x00000000fa680000,0x00000000fa98d198,0x00000000fbb80000)
  to   space 46080K, 0% used [0x00000000f7980000,0x00000000f7980000,0x00000000fa680000)
 ParOldGen       total 349696K, used 349694K [0x00000000e0000000, 0x00000000f5580000, 0x00000000f5580000)
  object space 349696K, 99% used [0x00000000e0000000,0x00000000f557fb90,0x00000000f5580000)
 Metaspace       used 61152K, committed 62208K, reserved 1105920K
  class space    used 5577K, committed 6016K, reserved 1048576K
}
Event: 2408.742 GC heap after
{Heap after GC invocations=1363 (full 1224):
 PSYoungGen      total 58368K, used 39988K [0x00000000f5580000, 0x00000000fd480000, 0x0000000100000000)
  eden space 36864K, 100% used [0x00000000f5580000,0x00000000f7980000,0x00000000f7980000)
  from space 21504K, 14% used [0x00000000fa680000,0x00000000fa98d198,0x00000000fbb80000)
  to   space 46080K, 0% used [0x00000000f7980000,0x00000000f7980000,0x00000000fa680000)
 ParOldGen       total 349696K, used 349694K [0x00000000e0000000, 0x00000000f5580000, 0x00000000f5580000)
  object space 349696K, 99% used [0x00000000e0000000,0x00000000f557fb90,0x00000000f5580000)
 Metaspace       used 61152K, committed 62208K, reserved 1105920K
  class space    used 5577K, committed 6016K, reserved 1048576K
}
Event: 2408.742 GC heap before
{Heap before GC invocations=1364 (full 1225):
 PSYoungGen      total 58368K, used 39988K [0x00000000f5580000, 0x00000000fd480000, 0x0000000100000000)
  eden space 36864K, 100% used [0x00000000f5580000,0x00000000f7980000,0x00000000f7980000)
  from space 21504K, 14% used [0x00000000fa680000,0x00000000fa98d198,0x00000000fbb80000)
  to   space 46080K, 0% used [0x00000000f7980000,0x00000000f7980000,0x00000000fa680000)
 ParOldGen       total 349696K, used 349695K [0x00000000e0000000, 0x00000000f5580000, 0x00000000f5580000)
  object space 349696K, 99% used [0x00000000e0000000,0x00000000f557fff8,0x00000000f5580000)
 Metaspace       used 61152K, committed 62208K, reserved 1105920K
  class space    used 5577K, committed 6016K, reserved 1048576K
}
Event: 2410.374 GC heap after
{Heap after GC invocations=1364 (full 1225):
 PSYoungGen      total 58368K, used 39988K [0x00000000f5580000, 0x00000000fd480000, 0x0000000100000000)
  eden space 36864K, 99% used [0x00000000f5580000,0x00000000f797ffb8,0x00000000f7980000)
  from space 21504K, 14% used [0x00000000fa680000,0x00000000fa98d198,0x00000000fbb80000)
  to   space 46080K, 0% used [0x00000000f7980000,0x00000000f7980000,0x00000000fa680000)
 ParOldGen       total 349696K, used 349695K [0x00000000e0000000, 0x00000000f5580000, 0x00000000f5580000)
  object space 349696K, 99% used [0x00000000e0000000,0x00000000f557ff68,0x00000000f5580000)
 Metaspace       used 61152K, committed 62208K, reserved 1105920K
  class space    used 5577K, committed 6016K, reserved 1048576K
}
Event: 2410.375 GC heap before
{Heap before GC invocations=1365 (full 1226):
 PSYoungGen      total 58368K, used 39988K [0x00000000f5580000, 0x00000000fd480000, 0x0000000100000000)
  eden space 36864K, 100% used [0x00000000f5580000,0x00000000f7980000,0x00000000f7980000)
  from space 21504K, 14% used [0x00000000fa680000,0x00000000fa98d198,0x00000000fbb80000)
  to   space 46080K, 0% used [0x00000000f7980000,0x00000000f7980000,0x00000000fa680000)
 ParOldGen       total 349696K, used 349695K [0x00000000e0000000, 0x00000000f5580000, 0x00000000f5580000)
  object space 349696K, 99% used [0x00000000e0000000,0x00000000f557ff68,0x00000000f5580000)
 Metaspace       used 61152K, committed 62208K, reserved 1105920K
  class space    used 5577K, committed 6016K, reserved 1048576K
}
Event: 2411.929 GC heap after
{Heap after GC invocations=1365 (full 1226):
 PSYoungGen      total 58368K, used 39988K [0x00000000f5580000, 0x00000000fd480000, 0x0000000100000000)
  eden space 36864K, 100% used [0x00000000f5580000,0x00000000f7980000,0x00000000f7980000)
  from space 21504K, 14% used [0x00000000fa680000,0x00000000fa98d198,0x00000000fbb80000)
  to   space 46080K, 0% used [0x00000000f7980000,0x00000000f7980000,0x00000000fa680000)
 ParOldGen       total 349696K, used 349695K [0x00000000e0000000, 0x00000000f5580000, 0x00000000f5580000)
  object space 349696K, 99% used [0x00000000e0000000,0x00000000f557ff68,0x00000000f5580000)
 Metaspace       used 61152K, committed 62208K, reserved 1105920K
  class space    used 5577K, committed 6016K, reserved 1048576K
}
Event: 2411.930 GC heap before
{Heap before GC invocations=1366 (full 1227):
 PSYoungGen      total 58368K, used 39988K [0x00000000f5580000, 0x00000000fd480000, 0x0000000100000000)
  eden space 36864K, 100% used [0x00000000f5580000,0x00000000f7980000,0x00000000f7980000)
  from space 21504K, 14% used [0x00000000fa680000,0x00000000fa98d198,0x00000000fbb80000)
  to   space 46080K, 0% used [0x00000000f7980000,0x00000000f7980000,0x00000000fa680000)
 ParOldGen       total 349696K, used 349695K [0x00000000e0000000, 0x00000000f5580000, 0x00000000f5580000)
  object space 349696K, 99% used [0x00000000e0000000,0x00000000f557ff88,0x00000000f5580000)
 Metaspace       used 61152K, committed 62208K, reserved 1105920K
  class space    used 5577K, committed 6016K, reserved 1048576K
}
Event: 2413.381 GC heap after
{Heap after GC invocations=1366 (full 1227):
 PSYoungGen      total 58368K, used 39988K [0x00000000f5580000, 0x00000000fd480000, 0x0000000100000000)
  eden space 36864K, 100% used [0x00000000f5580000,0x00000000f7980000,0x00000000f7980000)
  from space 21504K, 14% used [0x00000000fa680000,0x00000000fa98d198,0x00000000fbb80000)
  to   space 46080K, 0% used [0x00000000f7980000,0x00000000f7980000,0x00000000fa680000)
 ParOldGen       total 349696K, used 349695K [0x00000000e0000000, 0x00000000f5580000, 0x00000000f5580000)
  object space 349696K, 99% used [0x00000000e0000000,0x00000000f557ff68,0x00000000f5580000)
 Metaspace       used 61152K, committed 62208K, reserved 1105920K
  class space    used 5577K, committed 6016K, reserved 1048576K
}
Event: 2413.381 GC heap before
{Heap before GC invocations=1367 (full 1228):
 PSYoungGen      total 58368K, used 39988K [0x00000000f5580000, 0x00000000fd480000, 0x0000000100000000)
  eden space 36864K, 100% used [0x00000000f5580000,0x00000000f7980000,0x00000000f7980000)
  from space 21504K, 14% used [0x00000000fa680000,0x00000000fa98d198,0x00000000fbb80000)
  to   space 46080K, 0% used [0x00000000f7980000,0x00000000f7980000,0x00000000fa680000)
 ParOldGen       total 349696K, used 349695K [0x00000000e0000000, 0x00000000f5580000, 0x00000000f5580000)
  object space 349696K, 99% used [0x00000000e0000000,0x00000000f557ff68,0x00000000f5580000)
 Metaspace       used 61152K, committed 62208K, reserved 1105920K
  class space    used 5577K, committed 6016K, reserved 1048576K
}
Event: 2414.859 GC heap after
{Heap after GC invocations=1367 (full 1228):
 PSYoungGen      total 58368K, used 39988K [0x00000000f5580000, 0x00000000fd480000, 0x0000000100000000)
  eden space 36864K, 100% used [0x00000000f5580000,0x00000000f7980000,0x00000000f7980000)
  from space 21504K, 14% used [0x00000000fa680000,0x00000000fa98d198,0x00000000fbb80000)
  to   space 46080K, 0% used [0x00000000f7980000,0x00000000f7980000,0x00000000fa680000)
 ParOldGen       total 349696K, used 349695K [0x00000000e0000000, 0x00000000f5580000, 0x00000000f5580000)
  object space 349696K, 99% used [0x00000000e0000000,0x00000000f557ff68,0x00000000f5580000)
 Metaspace       used 61152K, committed 62208K, reserved 1105920K
  class space    used 5577K, committed 6016K, reserved 1048576K
}

