# JRE version: OpenJDK Runtime Environment GraalVM CE 22.3.0 (17.0.5+8) (build 17.0.5+8-jvmci-22.3-b08)
# Java VM: OpenJDK 64-Bit Server VM GraalVM CE 22.3.0 (17.0.5+8-jvmci-22.3-b08, mixed mode, sharing, tiered, jvmci, jvmci compiler, compressed oops, compressed class ptrs, parallel gc, linux-amd64)
GC Precious Log:
 CPUs: 8 total, 1 available
 Memory: 1024M
 Large Page Support: Disabled
 NUMA Support: Disabled
 Compressed Oops: Enabled (32-bit)
 Alignments: Space 512K, Generation 512K, Heap 2M
 Heap Min Capacity: 100M
 Heap Initial Capacity: 100M
 Heap Max Capacity: 512M
 Pre-touch: Disabled
 Parallel Workers: 1
Heap:
 PSYoungGen      total 51200K, used 37375K [0x00000000f5580000, 0x00000000f9700000, 0x0000000100000000)
  eden space 37376K, 99% used [0x00000000f5580000,0x00000000f79ffff0,0x00000000f7a00000)
  from space 13824K, 0% used [0x00000000f7a00000,0x00000000f7a00000,0x00000000f8780000)
  to   space 12288K, 0% used [0x00000000f8b00000,0x00000000f8b00000,0x00000000f9700000)
 ParOldGen       total 349696K, used 349696K [0x00000000e0000000, 0x00000000f5580000, 0x00000000f5580000)
  object space 349696K, 100% used [0x00000000e0000000,0x00000000f5580000,0x00000000f5580000)
 Metaspace       used 62423K, committed 63616K, reserved 1114112K
  class space    used 6021K, committed 6464K, reserved 1048576K
GC Heap History (20 events):
Event: 743.538 GC heap before
{Heap before GC invocations=532 (full 358):
 PSYoungGen      total 51200K, used 37375K [0x00000000f5580000, 0x00000000f9700000, 0x0000000100000000)
  eden space 37376K, 99% used [0x00000000f5580000,0x00000000f79ffff0,0x00000000f7a00000)
  from space 13824K, 0% used [0x00000000f7a00000,0x00000000f7a00000,0x00000000f8780000)
  to   space 12288K, 0% used [0x00000000f8b00000,0x00000000f8b00000,0x00000000f9700000)
 ParOldGen       total 349696K, used 349691K [0x00000000e0000000, 0x00000000f5580000, 0x00000000f5580000)
  object space 349696K, 99% used [0x00000000e0000000,0x00000000f557ed38,0x00000000f5580000)
 Metaspace       used 62422K, committed 63616K, reserved 1114112K
  class space    used 6021K, committed 6464K, reserved 1048576K
}
Event: 745.023 GC heap after
{Heap after GC invocations=532 (full 358):
 PSYoungGen      total 49664K, used 37375K [0x00000000f5580000, 0x00000000f9700000, 0x0000000100000000)
  eden space 37376K, 99% used [0x00000000f5580000,0x00000000f79fff00,0x00000000f7a00000)
  from space 12288K, 0% used [0x00000000f8b00000,0x00000000f8b00000,0x00000000f9700000)
  to   space 13824K, 0% used [0x00000000f7a00000,0x00000000f7a00000,0x00000000f8780000)
 ParOldGen       total 349696K, used 349691K [0x00000000e0000000, 0x00000000f5580000, 0x00000000f5580000)
  object space 349696K, 99% used [0x00000000e0000000,0x00000000f557ec90,0x00000000f5580000)
 Metaspace       used 62422K, committed 63616K, reserved 1114112K
  class space    used 6021K, committed 6464K, reserved 1048576K
}
Event: 745.023 GC heap before
{Heap before GC invocations=533 (full 359):
 PSYoungGen      total 49664K, used 37375K [0x00000000f5580000, 0x00000000f9700000, 0x0000000100000000)
  eden space 37376K, 99% used [0x00000000f5580000,0x00000000f79fffd8,0x00000000f7a00000)
  from space 12288K, 0% used [0x00000000f8b00000,0x00000000f8b00000,0x00000000f9700000)
  to   space 13824K, 0% used [0x00000000f7a00000,0x00000000f7a00000,0x00000000f8780000)
 ParOldGen       total 349696K, used 349691K [0x00000000e0000000, 0x00000000f5580000, 0x00000000f5580000)
  object space 349696K, 99% used [0x00000000e0000000,0x00000000f557ec90,0x00000000f5580000)
 Metaspace       used 62422K, committed 63616K, reserved 1114112K
  class space    used 6021K, committed 6464K, reserved 1048576K
}
Event: 746.531 GC heap after
{Heap after GC invocations=533 (full 359):
 PSYoungGen      total 51200K, used 37375K [0x00000000f5580000, 0x00000000f9700000, 0x0000000100000000)
  eden space 37376K, 99% used [0x00000000f5580000,0x00000000f79fff90,0x00000000f7a00000)
  from space 13824K, 0% used [0x00000000f7a00000,0x00000000f7a00000,0x00000000f8780000)
  to   space 12288K, 0% used [0x00000000f8b00000,0x00000000f8b00000,0x00000000f9700000)
 ParOldGen       total 349696K, used 349691K [0x00000000e0000000, 0x00000000f5580000, 0x00000000f5580000)
  object space 349696K, 99% used [0x00000000e0000000,0x00000000f557ec90,0x00000000f5580000)
 Metaspace       used 62422K, committed 63616K, reserved 1114112K
  class space    used 6021K, committed 6464K, reserved 1048576K
}
Event: 746.537 GC heap before
{Heap before GC invocations=534 (full 360):
 PSYoungGen      total 51200K, used 37375K [0x00000000f5580000, 0x00000000f9700000, 0x0000000100000000)
  eden space 37376K, 99% used [0x00000000f5580000,0x00000000f79ffff0,0x00000000f7a00000)
  from space 13824K, 0% used [0x00000000f7a00000,0x00000000f7a00000,0x00000000f8780000)
  to   space 12288K, 0% used [0x00000000f8b00000,0x00000000f8b00000,0x00000000f9700000)
 ParOldGen       total 349696K, used 349695K [0x00000000e0000000, 0x00000000f5580000, 0x00000000f5580000)
  object space 349696K, 99% used [0x00000000e0000000,0x00000000f557fe38,0x00000000f5580000)
 Metaspace       used 62423K, committed 63616K, reserved 1114112K
  class space    used 6021K, committed 6464K, reserved 1048576K
}
Event: 748.096 GC heap after
{Heap after GC invocations=534 (full 360):
 PSYoungGen      total 49664K, used 37374K [0x00000000f5580000, 0x00000000f9700000, 0x0000000100000000)
  eden space 37376K, 99% used [0x00000000f5580000,0x00000000f79ffb20,0x00000000f7a00000)
  from space 12288K, 0% used [0x00000000f8b00000,0x00000000f8b00000,0x00000000f9700000)
  to   space 13824K, 0% used [0x00000000f7a00000,0x00000000f7a00000,0x00000000f8780000)
 ParOldGen       total 349696K, used 349695K [0x00000000e0000000, 0x00000000f5580000, 0x00000000f5580000)
  object space 349696K, 99% used [0x00000000e0000000,0x00000000f557fe20,0x00000000f5580000)
 Metaspace       used 62423K, committed 63616K, reserved 1114112K
  class space    used 6021K, committed 6464K, reserved 1048576K
}
Event: 748.098 GC heap before
{Heap before GC invocations=535 (full 361):
 PSYoungGen      total 49664K, used 37375K [0x00000000f5580000, 0x00000000f9700000, 0x0000000100000000)
  eden space 37376K, 99% used [0x00000000f5580000,0x00000000f79fffe8,0x00000000f7a00000)
  from space 12288K, 0% used [0x00000000f8b00000,0x00000000f8b00000,0x00000000f9700000)
  to   space 13824K, 0% used [0x00000000f7a00000,0x00000000f7a00000,0x00000000f8780000)
 ParOldGen       total 349696K, used 349695K [0x00000000e0000000, 0x00000000f5580000, 0x00000000f5580000)
  object space 349696K, 99% used [0x00000000e0000000,0x00000000f557fe20,0x00000000f5580000)
 Metaspace       used 62423K, committed 63616K, reserved 1114112K
  class space    used 6021K, committed 6464K, reserved 1048576K
}
Event: 749.601 GC heap after
{Heap after GC invocations=535 (full 361):
 PSYoungGen      total 51200K, used 37375K [0x00000000f5580000, 0x00000000f9700000, 0x0000000100000000)
  eden space 37376K, 99% used [0x00000000f5580000,0x00000000f79ffc58,0x00000000f7a00000)
  from space 13824K, 0% used [0x00000000f7a00000,0x00000000f7a00000,0x00000000f8780000)
  to   space 12288K, 0% used [0x00000000f8b00000,0x00000000f8b00000,0x00000000f9700000)
 ParOldGen       total 349696K, used 349695K [0x00000000e0000000, 0x00000000f5580000, 0x00000000f5580000)
  object space 349696K, 99% used [0x00000000e0000000,0x00000000f557fe20,0x00000000f5580000)
 Metaspace       used 62423K, committed 63616K, reserved 1114112K
  class space    used 6021K, committed 6464K, reserved 1048576K
}
Event: 749.601 GC heap before
{Heap before GC invocations=536 (full 362):
 PSYoungGen      total 51200K, used 37375K [0x00000000f5580000, 0x00000000f9700000, 0x0000000100000000)
  eden space 37376K, 99% used [0x00000000f5580000,0x00000000f79ffc58,0x00000000f7a00000)
  from space 13824K, 0% used [0x00000000f7a00000,0x00000000f7a00000,0x00000000f8780000)
  to   space 12288K, 0% used [0x00000000f8b00000,0x00000000f8b00000,0x00000000f9700000)
 ParOldGen       total 349696K, used 349695K [0x00000000e0000000, 0x00000000f5580000, 0x00000000f5580000)
  object space 349696K, 99% used [0x00000000e0000000,0x00000000f557fe20,0x00000000f5580000)
 Metaspace       used 62423K, committed 63616K, reserved 1114112K
  class space    used 6021K, committed 6464K, reserved 1048576K
}
Event: 751.177 GC heap after
{Heap after GC invocations=536 (full 362):
 PSYoungGen      total 49664K, used 37375K [0x00000000f5580000, 0x00000000f9700000, 0x0000000100000000)
  eden space 37376K, 99% used [0x00000000f5580000,0x00000000f79ffc58,0x00000000f7a00000)
  from space 12288K, 0% used [0x00000000f8b00000,0x00000000f8b00000,0x00000000f9700000)
  to   space 13824K, 0% used [0x00000000f7a00000,0x00000000f7a00000,0x00000000f8780000)
 ParOldGen       total 349696K, used 349695K [0x00000000e0000000, 0x00000000f5580000, 0x00000000f5580000)
  object space 349696K, 99% used [0x00000000e0000000,0x00000000f557fe20,0x00000000f5580000)
 Metaspace       used 62423K, committed 63616K, reserved 1114112K
  class space    used 6021K, committed 6464K, reserved 1048576K
}
Event: 751.177 GC heap before
{Heap before GC invocations=537 (full 363):
 PSYoungGen      total 49664K, used 37376K [0x00000000f5580000, 0x00000000f9700000, 0x0000000100000000)
  eden space 37376K, 100% used [0x00000000f5580000,0x00000000f7a00000,0x00000000f7a00000)
  from space 12288K, 0% used [0x00000000f8b00000,0x00000000f8b00000,0x00000000f9700000)
  to   space 13824K, 0% used [0x00000000f7a00000,0x00000000f7a00000,0x00000000f8780000)
 ParOldGen       total 349696K, used 349695K [0x00000000e0000000, 0x00000000f5580000, 0x00000000f5580000)
  object space 349696K, 99% used [0x00000000e0000000,0x00000000f557ff30,0x00000000f5580000)
 Metaspace       used 62423K, committed 63616K, reserved 1114112K
  class space    used 6021K, committed 6464K, reserved 1048576K
}
Event: 752.803 GC heap after
{Heap after GC invocations=537 (full 363):
 PSYoungGen      total 51200K, used 37375K [0x00000000f5580000, 0x00000000f9700000, 0x0000000100000000)
  eden space 37376K, 99% used [0x00000000f5580000,0x00000000f79fff88,0x00000000f7a00000)
  from space 13824K, 0% used [0x00000000f7a00000,0x00000000f7a00000,0x00000000f8780000)
  to   space 12288K, 0% used [0x00000000f8b00000,0x00000000f8b00000,0x00000000f9700000)
 ParOldGen       total 349696K, used 349694K [0x00000000e0000000, 0x00000000f5580000, 0x00000000f5580000)
  object space 349696K, 99% used [0x00000000e0000000,0x00000000f557f990,0x00000000f5580000)
 Metaspace       used 62423K, committed 63616K, reserved 1114112K
  class space    used 6021K, committed 6464K, reserved 1048576K
}
Event: 752.803 GC heap before
{Heap before GC invocations=538 (full 364):
 PSYoungGen      total 51200K, used 37375K [0x00000000f5580000, 0x00000000f9700000, 0x0000000100000000)
  eden space 37376K, 99% used [0x00000000f5580000,0x00000000f79fff88,0x00000000f7a00000)
  from space 13824K, 0% used [0x00000000f7a00000,0x00000000f7a00000,0x00000000f8780000)
  to   space 12288K, 0% used [0x00000000f8b00000,0x00000000f8b00000,0x00000000f9700000)
 ParOldGen       total 349696K, used 349694K [0x00000000e0000000, 0x00000000f5580000, 0x00000000f5580000)
  object space 349696K, 99% used [0x00000000e0000000,0x00000000f557f990,0x00000000f5580000)
 Metaspace       used 62423K, committed 63616K, reserved 1114112K
  class space    used 6021K, committed 6464K, reserved 1048576K
}
Event: 754.224 GC heap after
{Heap after GC invocations=538 (full 364):
 PSYoungGen      total 49664K, used 37375K [0x00000000f5580000, 0x00000000f9700000, 0x0000000100000000)
  eden space 37376K, 99% used [0x00000000f5580000,0x00000000f79fff88,0x00000000f7a00000)
  from space 12288K, 0% used [0x00000000f8b00000,0x00000000f8b00000,0x00000000f9700000)
  to   space 13824K, 0% used [0x00000000f7a00000,0x00000000f7a00000,0x00000000f8780000)
 ParOldGen       total 349696K, used 349694K [0x00000000e0000000, 0x00000000f5580000, 0x00000000f5580000)
  object space 349696K, 99% used [0x00000000e0000000,0x00000000f557f990,0x00000000f5580000)
 Metaspace       used 62423K, committed 63616K, reserved 1114112K
  class space    used 6021K, committed 6464K, reserved 1048576K
}
Event: 754.225 GC heap before
{Heap before GC invocations=539 (full 365):
 PSYoungGen      total 49664K, used 37375K [0x00000000f5580000, 0x00000000f9700000, 0x0000000100000000)
  eden space 37376K, 99% used [0x00000000f5580000,0x00000000f79fff88,0x00000000f7a00000)
  from space 12288K, 0% used [0x00000000f8b00000,0x00000000f8b00000,0x00000000f9700000)
  to   space 13824K, 0% used [0x00000000f7a00000,0x00000000f7a00000,0x00000000f8780000)
 ParOldGen       total 349696K, used 349694K [0x00000000e0000000, 0x00000000f5580000, 0x00000000f5580000)
  object space 349696K, 99% used [0x00000000e0000000,0x00000000f557f990,0x00000000f5580000)
 Metaspace       used 62423K, committed 63616K, reserved 1114112K
  class space    used 6021K, committed 6464K, reserved 1048576K
}
Event: 755.730 GC heap after
{Heap after GC invocations=539 (full 365):
 PSYoungGen      total 51200K, used 37375K [0x00000000f5580000, 0x00000000f9700000, 0x0000000100000000)
  eden space 37376K, 99% used [0x00000000f5580000,0x00000000f79fff88,0x00000000f7a00000)
  from space 13824K, 0% used [0x00000000f7a00000,0x00000000f7a00000,0x00000000f8780000)
  to   space 12288K, 0% used [0x00000000f8b00000,0x00000000f8b00000,0x00000000f9700000)
 ParOldGen       total 349696K, used 349692K [0x00000000e0000000, 0x00000000f5580000, 0x00000000f5580000)
  object space 349696K, 99% used [0x00000000e0000000,0x00000000f557f3f0,0x00000000f5580000)
 Metaspace       used 62423K, committed 63616K, reserved 1114112K
  class space    used 6021K, committed 6464K, reserved 1048576K
}
Event: 755.733 GC heap before
{Heap before GC invocations=540 (full 366):
 PSYoungGen      total 51200K, used 37375K [0x00000000f5580000, 0x00000000f9700000, 0x0000000100000000)
  eden space 37376K, 99% used [0x00000000f5580000,0x00000000f79fffa0,0x00000000f7a00000)
  from space 13824K, 0% used [0x00000000f7a00000,0x00000000f7a00000,0x00000000f8780000)
  to   space 12288K, 0% used [0x00000000f8b00000,0x00000000f8b00000,0x00000000f9700000)
 ParOldGen       total 349696K, used 349695K [0x00000000e0000000, 0x00000000f5580000, 0x00000000f5580000)
  object space 349696K, 99% used [0x00000000e0000000,0x00000000f557fce0,0x00000000f5580000)
 Metaspace       used 62423K, committed 63616K, reserved 1114112K
  class space    used 6021K, committed 6464K, reserved 1048576K
}
Event: 757.047 GC heap after
{Heap after GC invocations=540 (full 366):
 PSYoungGen      total 49664K, used 37375K [0x00000000f5580000, 0x00000000f9700000, 0x0000000100000000)
  eden space 37376K, 99% used [0x00000000f5580000,0x00000000f79ffc98,0x00000000f7a00000)
  from space 12288K, 0% used [0x00000000f8b00000,0x00000000f8b00000,0x00000000f9700000)
  to   space 13824K, 0% used [0x00000000f7a00000,0x00000000f7a00000,0x00000000f8780000)
 ParOldGen       total 349696K, used 349695K [0x00000000e0000000, 0x00000000f5580000, 0x00000000f5580000)
  object space 349696K, 99% used [0x00000000e0000000,0x00000000f557fce0,0x00000000f5580000)
 Metaspace       used 62423K, committed 63616K, reserved 1114112K
  class space    used 6021K, committed 6464K, reserved 1048576K
}
Event: 757.047 GC heap before
{Heap before GC invocations=541 (full 367):
 PSYoungGen      total 49664K, used 37375K [0x00000000f5580000, 0x00000000f9700000, 0x0000000100000000)
  eden space 37376K, 99% used [0x00000000f5580000,0x00000000f79ffc98,0x00000000f7a00000)
  from space 12288K, 0% used [0x00000000f8b00000,0x00000000f8b00000,0x00000000f9700000)
  to   space 13824K, 0% used [0x00000000f7a00000,0x00000000f7a00000,0x00000000f8780000)
 ParOldGen       total 349696K, used 349695K [0x00000000e0000000, 0x00000000f5580000, 0x00000000f5580000)
  object space 349696K, 99% used [0x00000000e0000000,0x00000000f557fce0,0x00000000f5580000)
 Metaspace       used 62423K, committed 63616K, reserved 1114112K
  class space    used 6021K, committed 6464K, reserved 1048576K
}
Event: 758.523 GC heap after
{Heap after GC invocations=541 (full 367):
 PSYoungGen      total 51200K, used 37375K [0x00000000f5580000, 0x00000000f9700000, 0x0000000100000000)
  eden space 37376K, 99% used [0x00000000f5580000,0x00000000f79ffc98,0x00000000f7a00000)
  from space 13824K, 0% used [0x00000000f7a00000,0x00000000f7a00000,0x00000000f8780000)
  to   space 12288K, 0% used [0x00000000f8b00000,0x00000000f8b00000,0x00000000f9700000)
 ParOldGen       total 349696K, used 349695K [0x00000000e0000000, 0x00000000f5580000, 0x00000000f5580000)
  object space 349696K, 99% used [0x00000000e0000000,0x00000000f557fce0,0x00000000f5580000)
 Metaspace       used 62423K, committed 63616K, reserved 1114112K
  class space    used 6021K, committed 6464K, reserved 1048576K
}

