# JRE version: OpenJDK Runtime Environment GraalVM CE 22.3.0 (17.0.5+8) (build 17.0.5+8-jvmci-22.3-b08)
# Java VM: OpenJDK 64-Bit Server VM GraalVM CE 22.3.0 (17.0.5+8-jvmci-22.3-b08, mixed mode, sharing, tiered, jvmci, jvmci compiler, compressed oops, compressed class ptrs, parallel gc, linux-amd64)
GC Precious Log:
 CPUs: 4 total, 1 available
 Memory: 1024M
 Large Page Support: Disabled
 NUMA Support: Disabled
 Compressed Oops: Enabled (32-bit)
 Alignments: Space 512K, Generation 512K, Heap 2M
 Heap Min Capacity: 100M
 Heap Initial Capacity: 100M
 Heap Max Capacity: 512M
 Pre-touch: Disabled
 Parallel Workers: 1
Heap:
 PSYoungGen      total 58880K, used 46079K [0x00000000f5580000, 0x00000000f9d80000, 0x0000000100000000)
  eden space 46080K, 99% used [0x00000000f5580000,0x00000000f827fff8,0x00000000f8280000)
  from space 12800K, 0% used [0x00000000f9000000,0x00000000f9000000,0x00000000f9c80000)
  to   space 13312K, 0% used [0x00000000f8280000,0x00000000f8280000,0x00000000f8f80000)
 ParOldGen       total 349696K, used 349695K [0x00000000e0000000, 0x00000000f5580000, 0x00000000f5580000)
  object space 349696K, 99% used [0x00000000e0000000,0x00000000f557ffc0,0x00000000f5580000)
 Metaspace       used 65020K, committed 66048K, reserved 1114112K
  class space    used 6165K, committed 6656K, reserved 1048576K
GC Heap History (20 events):
Event: 434.792 GC heap before
{Heap before GC invocations=299 (full 216):
 PSYoungGen      total 58880K, used 46080K [0x00000000f5580000, 0x00000000f9d80000, 0x0000000100000000)
  eden space 46080K, 100% used [0x00000000f5580000,0x00000000f8280000,0x00000000f8280000)
  from space 12800K, 0% used [0x00000000f9000000,0x00000000f9000000,0x00000000f9c80000)
  to   space 13312K, 0% used [0x00000000f8280000,0x00000000f8280000,0x00000000f8f80000)
 ParOldGen       total 349696K, used 349693K [0x00000000e0000000, 0x00000000f5580000, 0x00000000f5580000)
  object space 349696K, 99% used [0x00000000e0000000,0x00000000f557f578,0x00000000f5580000)
 Metaspace       used 65020K, committed 66048K, reserved 1114112K
  class space    used 6165K, committed 6656K, reserved 1048576K
}
Event: 436.583 GC heap after
{Heap after GC invocations=299 (full 216):
 PSYoungGen      total 59392K, used 46079K [0x00000000f5580000, 0x00000000f9d80000, 0x0000000100000000)
  eden space 46080K, 99% used [0x00000000f5580000,0x00000000f827ffb8,0x00000000f8280000)
  from space 13312K, 0% used [0x00000000f8280000,0x00000000f8280000,0x00000000f8f80000)
  to   space 12800K, 0% used [0x00000000f9000000,0x00000000f9000000,0x00000000f9c80000)
 ParOldGen       total 349696K, used 349693K [0x00000000e0000000, 0x00000000f5580000, 0x00000000f5580000)
  object space 349696K, 99% used [0x00000000e0000000,0x00000000f557f418,0x00000000f5580000)
 Metaspace       used 65020K, committed 66048K, reserved 1114112K
  class space    used 6165K, committed 6656K, reserved 1048576K
}
Event: 436.590 GC heap before
{Heap before GC invocations=300 (full 217):
 PSYoungGen      total 59392K, used 46079K [0x00000000f5580000, 0x00000000f9d80000, 0x0000000100000000)
  eden space 46080K, 99% used [0x00000000f5580000,0x00000000f827fff0,0x00000000f8280000)
  from space 13312K, 0% used [0x00000000f8280000,0x00000000f8280000,0x00000000f8f80000)
  to   space 12800K, 0% used [0x00000000f9000000,0x00000000f9000000,0x00000000f9c80000)
 ParOldGen       total 349696K, used 349693K [0x00000000e0000000, 0x00000000f5580000, 0x00000000f5580000)
  object space 349696K, 99% used [0x00000000e0000000,0x00000000f557f418,0x00000000f5580000)
 Metaspace       used 65020K, committed 66048K, reserved 1114112K
  class space    used 6165K, committed 6656K, reserved 1048576K
}
Event: 438.025 GC heap after
{Heap after GC invocations=300 (full 217):
 PSYoungGen      total 58880K, used 46079K [0x00000000f5580000, 0x00000000f9d80000, 0x0000000100000000)
  eden space 46080K, 99% used [0x00000000f5580000,0x00000000f827fff0,0x00000000f8280000)
  from space 12800K, 0% used [0x00000000f9000000,0x00000000f9000000,0x00000000f9c80000)
  to   space 13312K, 0% used [0x00000000f8280000,0x00000000f8280000,0x00000000f8f80000)
 ParOldGen       total 349696K, used 349692K [0x00000000e0000000, 0x00000000f5580000, 0x00000000f5580000)
  object space 349696K, 99% used [0x00000000e0000000,0x00000000f557f3c8,0x00000000f5580000)
 Metaspace       used 65020K, committed 66048K, reserved 1114112K
  class space    used 6165K, committed 6656K, reserved 1048576K
}
Event: 438.028 GC heap before
{Heap before GC invocations=301 (full 218):
 PSYoungGen      total 58880K, used 46079K [0x00000000f5580000, 0x00000000f9d80000, 0x0000000100000000)
  eden space 46080K, 99% used [0x00000000f5580000,0x00000000f827fff0,0x00000000f8280000)
  from space 12800K, 0% used [0x00000000f9000000,0x00000000f9000000,0x00000000f9c80000)
  to   space 13312K, 0% used [0x00000000f8280000,0x00000000f8280000,0x00000000f8f80000)
 ParOldGen       total 349696K, used 349695K [0x00000000e0000000, 0x00000000f5580000, 0x00000000f5580000)
  object space 349696K, 99% used [0x00000000e0000000,0x00000000f557fff8,0x00000000f5580000)
 Metaspace       used 65020K, committed 66048K, reserved 1114112K
  class space    used 6165K, committed 6656K, reserved 1048576K
}
Event: 439.478 GC heap after
{Heap after GC invocations=301 (full 218):
 PSYoungGen      total 59392K, used 46079K [0x00000000f5580000, 0x00000000f9d80000, 0x0000000100000000)
  eden space 46080K, 99% used [0x00000000f5580000,0x00000000f827ffd8,0x00000000f8280000)
  from space 13312K, 0% used [0x00000000f8280000,0x00000000f8280000,0x00000000f8f80000)
  to   space 12800K, 0% used [0x00000000f9000000,0x00000000f9000000,0x00000000f9c80000)
 ParOldGen       total 349696K, used 349695K [0x00000000e0000000, 0x00000000f5580000, 0x00000000f5580000)
  object space 349696K, 99% used [0x00000000e0000000,0x00000000f557fdb0,0x00000000f5580000)
 Metaspace       used 65020K, committed 66048K, reserved 1114112K
  class space    used 6165K, committed 6656K, reserved 1048576K
}
Event: 439.478 GC heap before
{Heap before GC invocations=302 (full 219):
 PSYoungGen      total 59392K, used 46079K [0x00000000f5580000, 0x00000000f9d80000, 0x0000000100000000)
  eden space 46080K, 99% used [0x00000000f5580000,0x00000000f827fff8,0x00000000f8280000)
  from space 13312K, 0% used [0x00000000f8280000,0x00000000f8280000,0x00000000f8f80000)
  to   space 12800K, 0% used [0x00000000f9000000,0x00000000f9000000,0x00000000f9c80000)
 ParOldGen       total 349696K, used 349695K [0x00000000e0000000, 0x00000000f5580000, 0x00000000f5580000)
  object space 349696K, 99% used [0x00000000e0000000,0x00000000f557fdb0,0x00000000f5580000)
 Metaspace       used 65020K, committed 66048K, reserved 1114112K
  class space    used 6165K, committed 6656K, reserved 1048576K
}
Event: 441.215 GC heap after
{Heap after GC invocations=302 (full 219):
 PSYoungGen      total 58880K, used 46079K [0x00000000f5580000, 0x00000000f9d80000, 0x0000000100000000)
  eden space 46080K, 99% used [0x00000000f5580000,0x00000000f827fff8,0x00000000f8280000)
  from space 12800K, 0% used [0x00000000f9000000,0x00000000f9000000,0x00000000f9c80000)
  to   space 13312K, 0% used [0x00000000f8280000,0x00000000f8280000,0x00000000f8f80000)
 ParOldGen       total 349696K, used 349695K [0x00000000e0000000, 0x00000000f5580000, 0x00000000f5580000)
  object space 349696K, 99% used [0x00000000e0000000,0x00000000f557fdb0,0x00000000f5580000)
 Metaspace       used 65020K, committed 66048K, reserved 1114112K
  class space    used 6165K, committed 6656K, reserved 1048576K
}
Event: 441.220 GC heap before
{Heap before GC invocations=303 (full 220):
 PSYoungGen      total 58880K, used 46079K [0x00000000f5580000, 0x00000000f9d80000, 0x0000000100000000)
  eden space 46080K, 99% used [0x00000000f5580000,0x00000000f827fff8,0x00000000f8280000)
  from space 12800K, 0% used [0x00000000f9000000,0x00000000f9000000,0x00000000f9c80000)
  to   space 13312K, 0% used [0x00000000f8280000,0x00000000f8280000,0x00000000f8f80000)
 ParOldGen       total 349696K, used 349695K [0x00000000e0000000, 0x00000000f5580000, 0x00000000f5580000)
  object space 349696K, 99% used [0x00000000e0000000,0x00000000f557fff8,0x00000000f5580000)
 Metaspace       used 65020K, committed 66048K, reserved 1114112K
  class space    used 6165K, committed 6656K, reserved 1048576K
}
Event: 442.908 GC heap after
{Heap after GC invocations=303 (full 220):
 PSYoungGen      total 59392K, used 46079K [0x00000000f5580000, 0x00000000f9d80000, 0x0000000100000000)
  eden space 46080K, 99% used [0x00000000f5580000,0x00000000f827ffd8,0x00000000f8280000)
  from space 13312K, 0% used [0x00000000f8280000,0x00000000f8280000,0x00000000f8f80000)
  to   space 12800K, 0% used [0x00000000f9000000,0x00000000f9000000,0x00000000f9c80000)
 ParOldGen       total 349696K, used 349695K [0x00000000e0000000, 0x00000000f5580000, 0x00000000f5580000)
  object space 349696K, 99% used [0x00000000e0000000,0x00000000f557fea0,0x00000000f5580000)
 Metaspace       used 65020K, committed 66048K, reserved 1114112K
  class space    used 6165K, committed 6656K, reserved 1048576K
}
Event: 442.910 GC heap before
{Heap before GC invocations=304 (full 221):
 PSYoungGen      total 59392K, used 46080K [0x00000000f5580000, 0x00000000f9d80000, 0x0000000100000000)
  eden space 46080K, 100% used [0x00000000f5580000,0x00000000f8280000,0x00000000f8280000)
  from space 13312K, 0% used [0x00000000f8280000,0x00000000f8280000,0x00000000f8f80000)
  to   space 12800K, 0% used [0x00000000f9000000,0x00000000f9000000,0x00000000f9c80000)
 ParOldGen       total 349696K, used 349695K [0x00000000e0000000, 0x00000000f5580000, 0x00000000f5580000)
  object space 349696K, 99% used [0x00000000e0000000,0x00000000f557fea0,0x00000000f5580000)
 Metaspace       used 65020K, committed 66048K, reserved 1114112K
  class space    used 6165K, committed 6656K, reserved 1048576K
}
Event: 444.308 GC heap after
{Heap after GC invocations=304 (full 221):
 PSYoungGen      total 58880K, used 46080K [0x00000000f5580000, 0x00000000f9d80000, 0x0000000100000000)
  eden space 46080K, 100% used [0x00000000f5580000,0x00000000f8280000,0x00000000f8280000)
  from space 12800K, 0% used [0x00000000f9000000,0x00000000f9000000,0x00000000f9c80000)
  to   space 13312K, 0% used [0x00000000f8280000,0x00000000f8280000,0x00000000f8f80000)
 ParOldGen       total 349696K, used 349695K [0x00000000e0000000, 0x00000000f5580000, 0x00000000f5580000)
  object space 349696K, 99% used [0x00000000e0000000,0x00000000f557fe80,0x00000000f5580000)
 Metaspace       used 65020K, committed 66048K, reserved 1114112K
  class space    used 6165K, committed 6656K, reserved 1048576K
}
Event: 444.309 GC heap before
{Heap before GC invocations=305 (full 222):
 PSYoungGen      total 58880K, used 46080K [0x00000000f5580000, 0x00000000f9d80000, 0x0000000100000000)
  eden space 46080K, 100% used [0x00000000f5580000,0x00000000f8280000,0x00000000f8280000)
  from space 12800K, 0% used [0x00000000f9000000,0x00000000f9000000,0x00000000f9c80000)
  to   space 13312K, 0% used [0x00000000f8280000,0x00000000f8280000,0x00000000f8f80000)
 ParOldGen       total 349696K, used 349696K [0x00000000e0000000, 0x00000000f5580000, 0x00000000f5580000)
  object space 349696K, 100% used [0x00000000e0000000,0x00000000f5580000,0x00000000f5580000)
 Metaspace       used 65020K, committed 66048K, reserved 1114112K
  class space    used 6165K, committed 6656K, reserved 1048576K
}
Event: 445.963 GC heap after
{Heap after GC invocations=305 (full 222):
 PSYoungGen      total 59392K, used 46080K [0x00000000f5580000, 0x00000000f9d80000, 0x0000000100000000)
  eden space 46080K, 100% used [0x00000000f5580000,0x00000000f8280000,0x00000000f8280000)
  from space 13312K, 0% used [0x00000000f8280000,0x00000000f8280000,0x00000000f8f80000)
  to   space 12800K, 0% used [0x00000000f9000000,0x00000000f9000000,0x00000000f9c80000)
 ParOldGen       total 349696K, used 349695K [0x00000000e0000000, 0x00000000f5580000, 0x00000000f5580000)
  object space 349696K, 99% used [0x00000000e0000000,0x00000000f557fe80,0x00000000f5580000)
 Metaspace       used 65020K, committed 66048K, reserved 1114112K
  class space    used 6165K, committed 6656K, reserved 1048576K
}
Event: 445.963 GC heap before
{Heap before GC invocations=306 (full 223):
 PSYoungGen      total 59392K, used 46080K [0x00000000f5580000, 0x00000000f9d80000, 0x0000000100000000)
  eden space 46080K, 100% used [0x00000000f5580000,0x00000000f8280000,0x00000000f8280000)
  from space 13312K, 0% used [0x00000000f8280000,0x00000000f8280000,0x00000000f8f80000)
  to   space 12800K, 0% used [0x00000000f9000000,0x00000000f9000000,0x00000000f9c80000)
 ParOldGen       total 349696K, used 349696K [0x00000000e0000000, 0x00000000f5580000, 0x00000000f5580000)
  object space 349696K, 100% used [0x00000000e0000000,0x00000000f5580000,0x00000000f5580000)
 Metaspace       used 65020K, committed 66048K, reserved 1114112K
  class space    used 6165K, committed 6656K, reserved 1048576K
}
Event: 447.638 GC heap after
{Heap after GC invocations=306 (full 223):
 PSYoungGen      total 58880K, used 46080K [0x00000000f5580000, 0x00000000f9d80000, 0x0000000100000000)
  eden space 46080K, 100% used [0x00000000f5580000,0x00000000f8280000,0x00000000f8280000)
  from space 12800K, 0% used [0x00000000f9000000,0x00000000f9000000,0x00000000f9c80000)
  to   space 13312K, 0% used [0x00000000f8280000,0x00000000f8280000,0x00000000f8f80000)
 ParOldGen       total 349696K, used 349695K [0x00000000e0000000, 0x00000000f5580000, 0x00000000f5580000)
  object space 349696K, 99% used [0x00000000e0000000,0x00000000f557fe80,0x00000000f5580000)
 Metaspace       used 65020K, committed 66048K, reserved 1114112K
  class space    used 6165K, committed 6656K, reserved 1048576K
}
Event: 447.639 GC heap before
{Heap before GC invocations=307 (full 224):
 PSYoungGen      total 58880K, used 46080K [0x00000000f5580000, 0x00000000f9d80000, 0x0000000100000000)
  eden space 46080K, 100% used [0x00000000f5580000,0x00000000f8280000,0x00000000f8280000)
  from space 12800K, 0% used [0x00000000f9000000,0x00000000f9000000,0x00000000f9c80000)
  to   space 13312K, 0% used [0x00000000f8280000,0x00000000f8280000,0x00000000f8f80000)
 ParOldGen       total 349696K, used 349695K [0x00000000e0000000, 0x00000000f5580000, 0x00000000f5580000)
  object space 349696K, 99% used [0x00000000e0000000,0x00000000f557fef8,0x00000000f5580000)
 Metaspace       used 65020K, committed 66048K, reserved 1114112K
  class space    used 6165K, committed 6656K, reserved 1048576K
}
Event: 449.281 GC heap after
{Heap after GC invocations=307 (full 224):
 PSYoungGen      total 59392K, used 46079K [0x00000000f5580000, 0x00000000f9d80000, 0x0000000100000000)
  eden space 46080K, 99% used [0x00000000f5580000,0x00000000f827ffe0,0x00000000f8280000)
  from space 13312K, 0% used [0x00000000f8280000,0x00000000f8280000,0x00000000f8f80000)
  to   space 12800K, 0% used [0x00000000f9000000,0x00000000f9000000,0x00000000f9c80000)
 ParOldGen       total 349696K, used 349695K [0x00000000e0000000, 0x00000000f5580000, 0x00000000f5580000)
  object space 349696K, 99% used [0x00000000e0000000,0x00000000f557fe98,0x00000000f5580000)
 Metaspace       used 65020K, committed 66048K, reserved 1114112K
  class space    used 6165K, committed 6656K, reserved 1048576K
}
Event: 449.281 GC heap before
{Heap before GC invocations=308 (full 225):
 PSYoungGen      total 59392K, used 46079K [0x00000000f5580000, 0x00000000f9d80000, 0x0000000100000000)
  eden space 46080K, 99% used [0x00000000f5580000,0x00000000f827ffe0,0x00000000f8280000)
  from space 13312K, 0% used [0x00000000f8280000,0x00000000f8280000,0x00000000f8f80000)
  to   space 12800K, 0% used [0x00000000f9000000,0x00000000f9000000,0x00000000f9c80000)
 ParOldGen       total 349696K, used 349695K [0x00000000e0000000, 0x00000000f5580000, 0x00000000f5580000)
  object space 349696K, 99% used [0x00000000e0000000,0x00000000f557fe98,0x00000000f5580000)
 Metaspace       used 65020K, committed 66048K, reserved 1114112K
  class space    used 6165K, committed 6656K, reserved 1048576K
}
Event: 451.343 GC heap after
{Heap after GC invocations=308 (full 225):
 PSYoungGen      total 58880K, used 46079K [0x00000000f5580000, 0x00000000f9d80000, 0x0000000100000000)
  eden space 46080K, 99% used [0x00000000f5580000,0x00000000f827ffe0,0x00000000f8280000)
  from space 12800K, 0% used [0x00000000f9000000,0x00000000f9000000,0x00000000f9c80000)
  to   space 13312K, 0% used [0x00000000f8280000,0x00000000f8280000,0x00000000f8f80000)
 ParOldGen       total 349696K, used 349695K [0x00000000e0000000, 0x00000000f5580000, 0x00000000f5580000)
  object space 349696K, 99% used [0x00000000e0000000,0x00000000f557fe98,0x00000000f5580000)
 Metaspace       used 65020K, committed 66048K, reserved 1114112K
  class space    used 6165K, committed 6656K, reserved 1048576K
}

