# JRE version: OpenJDK Runtime Environment GraalVM CE 22.3.0 (17.0.5+8) (build 17.0.5+8-jvmci-22.3-b08)
# Java VM: OpenJDK 64-Bit Server VM GraalVM CE 22.3.0 (17.0.5+8-jvmci-22.3-b08, mixed mode, sharing, tiered, jvmci, jvmci compiler, compressed oops, compressed class ptrs, parallel gc, linux-amd64)
GC Precious Log:
 CPUs: 16 total, 1 available
 Memory: 1024M
 Large Page Support: Disabled
 NUMA Support: Disabled
 Compressed Oops: Enabled (32-bit)
 Alignments: Space 512K, Generation 512K, Heap 2M
 Heap Min Capacity: 100M
 Heap Initial Capacity: 100M
 Heap Max Capacity: 512M
 Pre-touch: Disabled
 Parallel Workers: 1
Heap:
 PSYoungGen      total 97280K, used 60416K [0x00000000f5580000, 0x00000000fdc80000, 0x0000000100000000)
  eden space 60416K, 100% used [0x00000000f5580000,0x00000000f9080000,0x00000000f9080000)
  from space 36864K, 0% used [0x00000000fb880000,0x00000000fb880000,0x00000000fdc80000)
  to   space 27136K, 0% used [0x00000000f9080000,0x00000000f9080000,0x00000000fab00000)
 ParOldGen       total 349696K, used 349695K [0x00000000e0000000, 0x00000000f5580000, 0x00000000f5580000)
  object space 349696K, 99% used [0x00000000e0000000,0x00000000f557ffe8,0x00000000f5580000)
 Metaspace       used 70573K, committed 71616K, reserved 1114112K
  class space    used 6501K, committed 6912K, reserved 1048576K
GC Heap History (20 events):
Event: 2634.410 GC heap before
{Heap before GC invocations=757 (full 593):
 PSYoungGen      total 97280K, used 60415K [0x00000000f5580000, 0x00000000fdc80000, 0x0000000100000000)
  eden space 60416K, 99% used [0x00000000f5580000,0x00000000f907ff88,0x00000000f9080000)
  from space 36864K, 0% used [0x00000000fb880000,0x00000000fb880000,0x00000000fdc80000)
  to   space 27136K, 0% used [0x00000000f9080000,0x00000000f9080000,0x00000000fab00000)
 ParOldGen       total 349696K, used 349692K [0x00000000e0000000, 0x00000000f5580000, 0x00000000f5580000)
  object space 349696K, 99% used [0x00000000e0000000,0x00000000f557f170,0x00000000f5580000)
 Metaspace       used 70573K, committed 71616K, reserved 1114112K
  class space    used 6501K, committed 6912K, reserved 1048576K
}
Event: 2638.332 GC heap after
{Heap after GC invocations=757 (full 593):
 PSYoungGen      total 87552K, used 60415K [0x00000000f5580000, 0x00000000fdc80000, 0x0000000100000000)
  eden space 60416K, 99% used [0x00000000f5580000,0x00000000f907ff88,0x00000000f9080000)
  from space 27136K, 0% used [0x00000000f9080000,0x00000000f9080000,0x00000000fab00000)
  to   space 36864K, 0% used [0x00000000fb880000,0x00000000fb880000,0x00000000fdc80000)
 ParOldGen       total 349696K, used 349692K [0x00000000e0000000, 0x00000000f5580000, 0x00000000f5580000)
  object space 349696K, 99% used [0x00000000e0000000,0x00000000f557f170,0x00000000f5580000)
 Metaspace       used 70573K, committed 71616K, reserved 1114112K
  class space    used 6501K, committed 6912K, reserved 1048576K
}
Event: 2638.336 GC heap before
{Heap before GC invocations=758 (full 594):
 PSYoungGen      total 87552K, used 60415K [0x00000000f5580000, 0x00000000fdc80000, 0x0000000100000000)
  eden space 60416K, 99% used [0x00000000f5580000,0x00000000f907fff8,0x00000000f9080000)
  from space 27136K, 0% used [0x00000000f9080000,0x00000000f9080000,0x00000000fab00000)
  to   space 36864K, 0% used [0x00000000fb880000,0x00000000fb880000,0x00000000fdc80000)
 ParOldGen       total 349696K, used 349693K [0x00000000e0000000, 0x00000000f5580000, 0x00000000f5580000)
  object space 349696K, 99% used [0x00000000e0000000,0x00000000f557f4a8,0x00000000f5580000)
 Metaspace       used 70573K, committed 71616K, reserved 1114112K
  class space    used 6501K, committed 6912K, reserved 1048576K
}
Event: 2642.079 GC heap after
{Heap after GC invocations=758 (full 594):
 PSYoungGen      total 97280K, used 60415K [0x00000000f5580000, 0x00000000fdc80000, 0x0000000100000000)
  eden space 60416K, 99% used [0x00000000f5580000,0x00000000f907ffc0,0x00000000f9080000)
  from space 36864K, 0% used [0x00000000fb880000,0x00000000fb880000,0x00000000fdc80000)
  to   space 27136K, 0% used [0x00000000f9080000,0x00000000f9080000,0x00000000fab00000)
 ParOldGen       total 349696K, used 349692K [0x00000000e0000000, 0x00000000f5580000, 0x00000000f5580000)
  object space 349696K, 99% used [0x00000000e0000000,0x00000000f557f1b0,0x00000000f5580000)
 Metaspace       used 70573K, committed 71616K, reserved 1114112K
  class space    used 6501K, committed 6912K, reserved 1048576K
}
Event: 2642.081 GC heap before
{Heap before GC invocations=759 (full 595):
 PSYoungGen      total 97280K, used 60415K [0x00000000f5580000, 0x00000000fdc80000, 0x0000000100000000)
  eden space 60416K, 99% used [0x00000000f5580000,0x00000000f907fff8,0x00000000f9080000)
  from space 36864K, 0% used [0x00000000fb880000,0x00000000fb880000,0x00000000fdc80000)
  to   space 27136K, 0% used [0x00000000f9080000,0x00000000f9080000,0x00000000fab00000)
 ParOldGen       total 349696K, used 349692K [0x00000000e0000000, 0x00000000f5580000, 0x00000000f5580000)
  object space 349696K, 99% used [0x00000000e0000000,0x00000000f557f1b0,0x00000000f5580000)
 Metaspace       used 70573K, committed 71616K, reserved 1114112K
  class space    used 6501K, committed 6912K, reserved 1048576K
}
Event: 2646.001 GC heap after
{Heap after GC invocations=759 (full 595):
 PSYoungGen      total 87552K, used 60415K [0x00000000f5580000, 0x00000000fdc80000, 0x0000000100000000)
  eden space 60416K, 99% used [0x00000000f5580000,0x00000000f907fff8,0x00000000f9080000)
  from space 27136K, 0% used [0x00000000f9080000,0x00000000f9080000,0x00000000fab00000)
  to   space 36864K, 0% used [0x00000000fb880000,0x00000000fb880000,0x00000000fdc80000)
 ParOldGen       total 349696K, used 349692K [0x00000000e0000000, 0x00000000f5580000, 0x00000000f5580000)
  object space 349696K, 99% used [0x00000000e0000000,0x00000000f557f170,0x00000000f5580000)
 Metaspace       used 70573K, committed 71616K, reserved 1114112K
  class space    used 6501K, committed 6912K, reserved 1048576K
}
Event: 2646.005 GC heap before
{Heap before GC invocations=760 (full 596):
 PSYoungGen      total 87552K, used 60415K [0x00000000f5580000, 0x00000000fdc80000, 0x0000000100000000)
  eden space 60416K, 99% used [0x00000000f5580000,0x00000000f907fff8,0x00000000f9080000)
  from space 27136K, 0% used [0x00000000f9080000,0x00000000f9080000,0x00000000fab00000)
  to   space 36864K, 0% used [0x00000000fb880000,0x00000000fb880000,0x00000000fdc80000)
 ParOldGen       total 349696K, used 349694K [0x00000000e0000000, 0x00000000f5580000, 0x00000000f5580000)
  object space 349696K, 99% used [0x00000000e0000000,0x00000000f557f940,0x00000000f5580000)
 Metaspace       used 70573K, committed 71616K, reserved 1114112K
  class space    used 6501K, committed 6912K, reserved 1048576K
}
Event: 2650.287 GC heap after
{Heap after GC invocations=760 (full 596):
 PSYoungGen      total 97280K, used 60415K [0x00000000f5580000, 0x00000000fdc80000, 0x0000000100000000)
  eden space 60416K, 99% used [0x00000000f5580000,0x00000000f907ff68,0x00000000f9080000)
  from space 36864K, 0% used [0x00000000fb880000,0x00000000fb880000,0x00000000fdc80000)
  to   space 27136K, 0% used [0x00000000f9080000,0x00000000f9080000,0x00000000fab00000)
 ParOldGen       total 349696K, used 349691K [0x00000000e0000000, 0x00000000f5580000, 0x00000000f5580000)
  object space 349696K, 99% used [0x00000000e0000000,0x00000000f557efc0,0x00000000f5580000)
 Metaspace       used 70573K, committed 71616K, reserved 1114112K
  class space    used 6501K, committed 6912K, reserved 1048576K
}
Event: 2650.292 GC heap before
{Heap before GC invocations=761 (full 597):
 PSYoungGen      total 97280K, used 60415K [0x00000000f5580000, 0x00000000fdc80000, 0x0000000100000000)
  eden space 60416K, 99% used [0x00000000f5580000,0x00000000f907fff8,0x00000000f9080000)
  from space 36864K, 0% used [0x00000000fb880000,0x00000000fb880000,0x00000000fdc80000)
  to   space 27136K, 0% used [0x00000000f9080000,0x00000000f9080000,0x00000000fab00000)
 ParOldGen       total 349696K, used 349691K [0x00000000e0000000, 0x00000000f5580000, 0x00000000f5580000)
  object space 349696K, 99% used [0x00000000e0000000,0x00000000f557efc0,0x00000000f5580000)
 Metaspace       used 70573K, committed 71616K, reserved 1114112K
  class space    used 6501K, committed 6912K, reserved 1048576K
}
Event: 2654.584 GC heap after
{Heap after GC invocations=761 (full 597):
 PSYoungGen      total 87552K, used 60415K [0x00000000f5580000, 0x00000000fdc80000, 0x0000000100000000)
  eden space 60416K, 99% used [0x00000000f5580000,0x00000000f907ff68,0x00000000f9080000)
  from space 27136K, 0% used [0x00000000f9080000,0x00000000f9080000,0x00000000fab00000)
  to   space 36864K, 0% used [0x00000000fb880000,0x00000000fb880000,0x00000000fdc80000)
 ParOldGen       total 349696K, used 349691K [0x00000000e0000000, 0x00000000f5580000, 0x00000000f5580000)
  object space 349696K, 99% used [0x00000000e0000000,0x00000000f557efc0,0x00000000f5580000)
 Metaspace       used 70573K, committed 71616K, reserved 1114112K
  class space    used 6501K, committed 6912K, reserved 1048576K
}
Event: 2654.587 GC heap before
{Heap before GC invocations=762 (full 598):
 PSYoungGen      total 87552K, used 60416K [0x00000000f5580000, 0x00000000fdc80000, 0x0000000100000000)
  eden space 60416K, 100% used [0x00000000f5580000,0x00000000f9080000,0x00000000f9080000)
  from space 27136K, 0% used [0x00000000f9080000,0x00000000f9080000,0x00000000fab00000)
  to   space 36864K, 0% used [0x00000000fb880000,0x00000000fb880000,0x00000000fdc80000)
 ParOldGen       total 349696K, used 349691K [0x00000000e0000000, 0x00000000f5580000, 0x00000000f5580000)
  object space 349696K, 99% used [0x00000000e0000000,0x00000000f557efc0,0x00000000f5580000)
 Metaspace       used 70573K, committed 71616K, reserved 1114112K
  class space    used 6501K, committed 6912K, reserved 1048576K
}
Event: 2659.537 GC heap after
{Heap after GC invocations=762 (full 598):
 PSYoungGen      total 97280K, used 60415K [0x00000000f5580000, 0x00000000fdc80000, 0x0000000100000000)
  eden space 60416K, 99% used [0x00000000f5580000,0x00000000f907ffc0,0x00000000f9080000)
  from space 36864K, 0% used [0x00000000fb880000,0x00000000fb880000,0x00000000fdc80000)
  to   space 27136K, 0% used [0x00000000f9080000,0x00000000f9080000,0x00000000fab00000)
 ParOldGen       total 349696K, used 349691K [0x00000000e0000000, 0x00000000f5580000, 0x00000000f5580000)
  object space 349696K, 99% used [0x00000000e0000000,0x00000000f557efc0,0x00000000f5580000)
 Metaspace       used 70573K, committed 71616K, reserved 1114112K
  class space    used 6501K, committed 6912K, reserved 1048576K
}
Event: 2659.538 GC heap before
{Heap before GC invocations=763 (full 599):
 PSYoungGen      total 97280K, used 60416K [0x00000000f5580000, 0x00000000fdc80000, 0x0000000100000000)
  eden space 60416K, 100% used [0x00000000f5580000,0x00000000f9080000,0x00000000f9080000)
  from space 36864K, 0% used [0x00000000fb880000,0x00000000fb880000,0x00000000fdc80000)
  to   space 27136K, 0% used [0x00000000f9080000,0x00000000f9080000,0x00000000fab00000)
 ParOldGen       total 349696K, used 349691K [0x00000000e0000000, 0x00000000f5580000, 0x00000000f5580000)
  object space 349696K, 99% used [0x00000000e0000000,0x00000000f557efc0,0x00000000f5580000)
 Metaspace       used 70573K, committed 71616K, reserved 1114112K
  class space    used 6501K, committed 6912K, reserved 1048576K
}
Event: 2663.046 GC heap after
{Heap after GC invocations=763 (full 599):
 PSYoungGen      total 87552K, used 60415K [0x00000000f5580000, 0x00000000fdc80000, 0x0000000100000000)
  eden space 60416K, 99% used [0x00000000f5580000,0x00000000f907ffc0,0x00000000f9080000)
  from space 27136K, 0% used [0x00000000f9080000,0x00000000f9080000,0x00000000fab00000)
  to   space 36864K, 0% used [0x00000000fb880000,0x00000000fb880000,0x00000000fdc80000)
 ParOldGen       total 349696K, used 349691K [0x00000000e0000000, 0x00000000f5580000, 0x00000000f5580000)
  object space 349696K, 99% used [0x00000000e0000000,0x00000000f557efc0,0x00000000f5580000)
 Metaspace       used 70573K, committed 71616K, reserved 1114112K
  class space    used 6501K, committed 6912K, reserved 1048576K
}
Event: 2663.048 GC heap before
{Heap before GC invocations=764 (full 600):
 PSYoungGen      total 87552K, used 60415K [0x00000000f5580000, 0x00000000fdc80000, 0x0000000100000000)
  eden space 60416K, 99% used [0x00000000f5580000,0x00000000f907fff8,0x00000000f9080000)
  from space 27136K, 0% used [0x00000000f9080000,0x00000000f9080000,0x00000000fab00000)
  to   space 36864K, 0% used [0x00000000fb880000,0x00000000fb880000,0x00000000fdc80000)
 ParOldGen       total 349696K, used 349691K [0x00000000e0000000, 0x00000000f5580000, 0x00000000f5580000)
  object space 349696K, 99% used [0x00000000e0000000,0x00000000f557efc0,0x00000000f5580000)
 Metaspace       used 70573K, committed 71616K, reserved 1114112K
  class space    used 6501K, committed 6912K, reserved 1048576K
}
Event: 2666.776 GC heap after
{Heap after GC invocations=764 (full 600):
 PSYoungGen      total 97280K, used 60415K [0x00000000f5580000, 0x00000000fdc80000, 0x0000000100000000)
  eden space 60416K, 99% used [0x00000000f5580000,0x00000000f907ffd8,0x00000000f9080000)
  from space 36864K, 0% used [0x00000000fb880000,0x00000000fb880000,0x00000000fdc80000)
  to   space 27136K, 0% used [0x00000000f9080000,0x00000000f9080000,0x00000000fab00000)
 ParOldGen       total 349696K, used 349691K [0x00000000e0000000, 0x00000000f5580000, 0x00000000f5580000)
  object space 349696K, 99% used [0x00000000e0000000,0x00000000f557efc0,0x00000000f5580000)
 Metaspace       used 70573K, committed 71616K, reserved 1114112K
  class space    used 6501K, committed 6912K, reserved 1048576K
}
Event: 2666.776 GC heap before
{Heap before GC invocations=765 (full 601):
 PSYoungGen      total 97280K, used 60416K [0x00000000f5580000, 0x00000000fdc80000, 0x0000000100000000)
  eden space 60416K, 100% used [0x00000000f5580000,0x00000000f9080000,0x00000000f9080000)
  from space 36864K, 0% used [0x00000000fb880000,0x00000000fb880000,0x00000000fdc80000)
  to   space 27136K, 0% used [0x00000000f9080000,0x00000000f9080000,0x00000000fab00000)
 ParOldGen       total 349696K, used 349695K [0x00000000e0000000, 0x00000000f5580000, 0x00000000f5580000)
  object space 349696K, 99% used [0x00000000e0000000,0x00000000f557fe50,0x00000000f5580000)
 Metaspace       used 70573K, committed 71616K, reserved 1114112K
  class space    used 6501K, committed 6912K, reserved 1048576K
}
Event: 2671.019 GC heap after
{Heap after GC invocations=765 (full 601):
 PSYoungGen      total 87552K, used 60415K [0x00000000f5580000, 0x00000000fdc80000, 0x0000000100000000)
  eden space 60416K, 99% used [0x00000000f5580000,0x00000000f907ffc0,0x00000000f9080000)
  from space 27136K, 0% used [0x00000000f9080000,0x00000000f9080000,0x00000000fab00000)
  to   space 36864K, 0% used [0x00000000fb880000,0x00000000fb880000,0x00000000fdc80000)
 ParOldGen       total 349696K, used 349695K [0x00000000e0000000, 0x00000000f5580000, 0x00000000f5580000)
  object space 349696K, 99% used [0x00000000e0000000,0x00000000f557fd48,0x00000000f5580000)
 Metaspace       used 70573K, committed 71616K, reserved 1114112K
  class space    used 6501K, committed 6912K, reserved 1048576K
}
Event: 2671.019 GC heap before
{Heap before GC invocations=766 (full 602):
 PSYoungGen      total 87552K, used 60415K [0x00000000f5580000, 0x00000000fdc80000, 0x0000000100000000)
  eden space 60416K, 99% used [0x00000000f5580000,0x00000000f907ffc0,0x00000000f9080000)
  from space 27136K, 0% used [0x00000000f9080000,0x00000000f9080000,0x00000000fab00000)
  to   space 36864K, 0% used [0x00000000fb880000,0x00000000fb880000,0x00000000fdc80000)
 ParOldGen       total 349696K, used 349695K [0x00000000e0000000, 0x00000000f5580000, 0x00000000f5580000)
  object space 349696K, 99% used [0x00000000e0000000,0x00000000f557fd48,0x00000000f5580000)
 Metaspace       used 70573K, committed 71616K, reserved 1114112K
  class space    used 6501K, committed 6912K, reserved 1048576K
}
Event: 2674.508 GC heap after
{Heap after GC invocations=766 (full 602):
 PSYoungGen      total 97280K, used 60415K [0x00000000f5580000, 0x00000000fdc80000, 0x0000000100000000)
  eden space 60416K, 99% used [0x00000000f5580000,0x00000000f907ffc0,0x00000000f9080000)
  from space 36864K, 0% used [0x00000000fb880000,0x00000000fb880000,0x00000000fdc80000)
  to   space 27136K, 0% used [0x00000000f9080000,0x00000000f9080000,0x00000000fab00000)
 ParOldGen       total 349696K, used 349695K [0x00000000e0000000, 0x00000000f5580000, 0x00000000f5580000)
  object space 349696K, 99% used [0x00000000e0000000,0x00000000f557fd48,0x00000000f5580000)
 Metaspace       used 70573K, committed 71616K, reserved 1114112K
  class space    used 6501K, committed 6912K, reserved 1048576K
}

